{"contracts\\bRingFarming.sol":{"l":{"14":8,"15":8,"17":8,"18":8,"20":8,"21":6,"24":6,"27":6,"28":6,"29":0,"30":0,"32":0,"36":6,"42":6,"43":6,"44":6,"45":6,"46":6,"49":6,"50":1,"51":3,"53":3,"57":6,"58":6,"60":6,"62":6,"66":0,"68":0,"69":0,"72":0,"74":0,"75":0,"78":0,"80":0,"81":0,"82":0,"83":0,"86":0,"90":1,"92":1,"93":1,"95":1,"96":1,"98":1,"99":1,"100":0,"103":1,"107":0,"111":0,"115":1,"116":3,"118":3,"124":3,"125":3,"129":3,"130":3,"131":3,"133":0,"134":0,"136":0,"137":0,"138":0,"139":0,"149":0,"156":12,"157":12,"158":0,"161":12,"162":0,"165":12,"170":1,"171":1,"173":1,"174":0,"177":1,"178":3,"187":6,"188":6,"189":0,"192":6,"218":8,"219":8,"220":8,"221":8,"222":8,"224":8,"225":9,"226":9,"227":9,"228":9,"229":9,"232":8,"238":4},"path":"E:\\Tests\\bRing_v2\\bRing-contracts-v2\\contracts\\bRingFarming.sol","s":{"1":8,"2":8,"3":8,"4":8,"5":8,"6":6,"7":6,"8":6,"9":6,"10":0,"11":0,"12":0,"13":6,"14":6,"15":6,"16":6,"17":6,"18":6,"19":6,"20":1,"21":3,"22":3,"23":6,"24":6,"25":6,"26":6,"27":0,"28":0,"29":0,"30":0,"31":0,"32":0,"33":0,"34":0,"35":0,"36":0,"37":0,"38":0,"39":1,"40":1,"41":1,"42":1,"43":1,"44":1,"45":1,"46":0,"47":1,"48":0,"49":0,"50":1,"51":3,"52":3,"53":3,"54":3,"55":3,"56":3,"57":3,"58":0,"59":0,"60":0,"61":0,"62":0,"63":0,"64":0,"65":12,"66":12,"67":0,"68":12,"69":0,"70":12,"71":1,"72":1,"73":1,"74":0,"75":1,"76":3,"77":6,"78":6,"79":0,"80":6,"81":8,"82":8,"83":8,"84":8,"85":8,"86":8,"87":9,"88":9,"89":9,"90":9,"91":9,"92":8,"93":4},"b":{"1":[8,0],"2":[8,0],"3":[6,2],"4":[6,0],"5":[6,0],"6":[0,6],"7":[6,0],"8":[1,5],"9":[0,0],"10":[0,0],"11":[0,0],"12":[1,0],"13":[1,0],"14":[0,1],"15":[3,0],"16":[3,0],"17":[0,12],"18":[0,12],"19":[0,1],"20":[0,6]},"f":{"1":8,"2":0,"3":1,"4":0,"5":0,"6":1,"7":12,"8":1,"9":6,"10":8,"11":4},"fnMap":{"1":{"name":"stake","line":13,"loc":{"start":{"line":13,"column":2},"end":{"line":63,"column":2}}},"2":{"name":"_unstake","line":65,"loc":{"start":{"line":65,"column":2},"end":{"line":87,"column":2}}},"3":{"name":"claimReward","line":89,"loc":{"start":{"line":89,"column":2},"end":{"line":104,"column":2}}},"4":{"name":"unstake","line":106,"loc":{"start":{"line":106,"column":2},"end":{"line":108,"column":2}}},"5":{"name":"unstakeForAddress","line":110,"loc":{"start":{"line":110,"column":2},"end":{"line":112,"column":2}}},"6":{"name":"distributeReward","line":114,"loc":{"start":{"line":114,"column":2},"end":{"line":153,"column":2}}},"7":{"name":"getRewardAccumulatedPerShare","line":155,"loc":{"start":{"line":155,"column":2},"end":{"line":167,"column":2}}},"8":{"name":"getStakeRewards","line":169,"loc":{"start":{"line":169,"column":2},"end":{"line":184,"column":2}}},"9":{"name":"getStakeMultiplier","line":186,"loc":{"start":{"line":186,"column":2},"end":{"line":193,"column":2}}},"10":{"name":"viewStakingDetails","line":209,"loc":{"start":{"line":209,"column":2},"end":{"line":235,"column":2}}},"11":{"name":"isActiveUser","line":237,"loc":{"start":{"line":237,"column":2},"end":{"line":239,"column":2}}}},"statementMap":{"1":{"start":{"line":14,"column":4},"end":{"line":14,"column":52}},"2":{"start":{"line":15,"column":4},"end":{"line":15,"column":93}},"3":{"start":{"line":17,"column":4},"end":{"line":17,"column":41}},"4":{"start":{"line":18,"column":4},"end":{"line":18,"column":49}},"5":{"start":{"line":20,"column":4},"end":{"line":20,"column":104}},"6":{"start":{"line":21,"column":4},"end":{"line":21,"column":87}},"7":{"start":{"line":24,"column":4},"end":{"line":24,"column":65}},"8":{"start":{"line":27,"column":4},"end":{"line":27,"column":42}},"9":{"start":{"line":28,"column":4},"end":{"line":28,"column":1064}},"10":{"start":{"line":29,"column":6},"end":{"line":29,"column":29}},"11":{"start":{"line":30,"column":6},"end":{"line":30,"column":47}},"12":{"start":{"line":32,"column":6},"end":{"line":32,"column":71}},"13":{"start":{"line":36,"column":4},"end":{"line":36,"column":1410}},"14":{"start":{"line":42,"column":4},"end":{"line":42,"column":27}},"15":{"start":{"line":43,"column":4},"end":{"line":43,"column":41}},"16":{"start":{"line":44,"column":4},"end":{"line":44,"column":49}},"17":{"start":{"line":45,"column":4},"end":{"line":45,"column":25}},"18":{"start":{"line":46,"column":4},"end":{"line":46,"column":37}},"19":{"start":{"line":49,"column":4},"end":{"line":49,"column":1799}},"20":{"start":{"line":50,"column":6},"end":{"line":50,"column":1836}},"21":{"start":{"line":51,"column":8},"end":{"line":51,"column":73}},"22":{"start":{"line":53,"column":8},"end":{"line":53,"column":54}},"23":{"start":{"line":57,"column":4},"end":{"line":57,"column":28}},"24":{"start":{"line":58,"column":4},"end":{"line":58,"column":43}},"25":{"start":{"line":60,"column":4},"end":{"line":60,"column":34}},"26":{"start":{"line":62,"column":4},"end":{"line":62,"column":83}},"27":{"start":{"line":66,"column":4},"end":{"line":66,"column":72}},"28":{"start":{"line":68,"column":4},"end":{"line":68,"column":60}},"29":{"start":{"line":69,"column":4},"end":{"line":69,"column":65}},"30":{"start":{"line":72,"column":4},"end":{"line":72,"column":39}},"31":{"start":{"line":74,"column":4},"end":{"line":74,"column":56}},"32":{"start":{"line":75,"column":4},"end":{"line":75,"column":53}},"33":{"start":{"line":78,"column":4},"end":{"line":78,"column":73}},"34":{"start":{"line":80,"column":4},"end":{"line":80,"column":35}},"35":{"start":{"line":81,"column":4},"end":{"line":81,"column":43}},"36":{"start":{"line":82,"column":4},"end":{"line":82,"column":2932}},"37":{"start":{"line":83,"column":6},"end":{"line":83,"column":70}},"38":{"start":{"line":86,"column":4},"end":{"line":86,"column":98}},"39":{"start":{"line":90,"column":4},"end":{"line":90,"column":71}},"40":{"start":{"line":92,"column":4},"end":{"line":92,"column":59}},"41":{"start":{"line":93,"column":4},"end":{"line":93,"column":65}},"42":{"start":{"line":95,"column":4},"end":{"line":95,"column":56}},"43":{"start":{"line":96,"column":4},"end":{"line":96,"column":51}},"44":{"start":{"line":98,"column":4},"end":{"line":98,"column":43}},"45":{"start":{"line":99,"column":4},"end":{"line":99,"column":3641}},"46":{"start":{"line":100,"column":6},"end":{"line":100,"column":70}},"47":{"start":{"line":103,"column":4},"end":{"line":103,"column":80}},"48":{"start":{"line":107,"column":4},"end":{"line":107,"column":33}},"49":{"start":{"line":111,"column":4},"end":{"line":111,"column":34}},"50":{"start":{"line":115,"column":4},"end":{"line":115,"column":4261}},"51":{"start":{"line":116,"column":6},"end":{"line":116,"column":71}},"52":{"start":{"line":118,"column":6},"end":{"line":118,"column":4435}},"53":{"start":{"line":124,"column":6},"end":{"line":124,"column":4608}},"54":{"start":{"line":125,"column":8},"end":{"line":125,"column":54}},"55":{"start":{"line":129,"column":6},"end":{"line":129,"column":4757}},"56":{"start":{"line":130,"column":8},"end":{"line":130,"column":79}},"57":{"start":{"line":131,"column":8},"end":{"line":131,"column":138}},"58":{"start":{"line":133,"column":8},"end":{"line":133,"column":79}},"59":{"start":{"line":134,"column":8},"end":{"line":134,"column":138}},"60":{"start":{"line":136,"column":8},"end":{"line":136,"column":49}},"61":{"start":{"line":137,"column":8},"end":{"line":137,"column":5337}},"62":{"start":{"line":138,"column":10},"end":{"line":138,"column":90}},"63":{"start":{"line":139,"column":10},"end":{"line":139,"column":5522}},"64":{"start":{"line":149,"column":10},"end":{"line":149,"column":34}},"65":{"start":{"line":156,"column":4},"end":{"line":156,"column":40}},"66":{"start":{"line":157,"column":4},"end":{"line":157,"column":6028}},"67":{"start":{"line":158,"column":6},"end":{"line":158,"column":58}},"68":{"start":{"line":161,"column":4},"end":{"line":161,"column":6165}},"69":{"start":{"line":162,"column":6},"end":{"line":162,"column":56}},"70":{"start":{"line":165,"column":4},"end":{"line":165,"column":6399}},"71":{"start":{"line":170,"column":4},"end":{"line":170,"column":59}},"72":{"start":{"line":171,"column":4},"end":{"line":171,"column":55}},"73":{"start":{"line":173,"column":4},"end":{"line":173,"column":6711}},"74":{"start":{"line":174,"column":6},"end":{"line":174,"column":20}},"75":{"start":{"line":177,"column":4},"end":{"line":177,"column":6803}},"76":{"start":{"line":178,"column":6},"end":{"line":178,"column":6899}},"77":{"start":{"line":187,"column":4},"end":{"line":187,"column":46}},"78":{"start":{"line":188,"column":4},"end":{"line":188,"column":7226}},"79":{"start":{"line":189,"column":6},"end":{"line":189,"column":64}},"80":{"start":{"line":192,"column":4},"end":{"line":192,"column":148}},"81":{"start":{"line":218,"column":4},"end":{"line":218,"column":69}},"82":{"start":{"line":219,"column":4},"end":{"line":219,"column":85}},"83":{"start":{"line":220,"column":4},"end":{"line":220,"column":72}},"84":{"start":{"line":221,"column":4},"end":{"line":221,"column":75}},"85":{"start":{"line":222,"column":4},"end":{"line":222,"column":77}},"86":{"start":{"line":224,"column":4},"end":{"line":224,"column":8667}},"87":{"start":{"line":225,"column":6},"end":{"line":225,"column":41}},"88":{"start":{"line":226,"column":6},"end":{"line":226,"column":72}},"89":{"start":{"line":227,"column":6},"end":{"line":227,"column":47}},"90":{"start":{"line":228,"column":6},"end":{"line":228,"column":53}},"91":{"start":{"line":229,"column":6},"end":{"line":229,"column":57}},"92":{"start":{"line":232,"column":4},"end":{"line":232,"column":9036}},"93":{"start":{"line":238,"column":4},"end":{"line":238,"column":52}}},"branchMap":{"1":{"line":14,"type":"if","locations":[{"start":{"line":14,"column":4},"end":{"line":14,"column":4}},{"start":{"line":14,"column":4},"end":{"line":14,"column":4}}]},"2":{"line":15,"type":"if","locations":[{"start":{"line":15,"column":4},"end":{"line":15,"column":4}},{"start":{"line":15,"column":4},"end":{"line":15,"column":4}}]},"3":{"line":20,"type":"if","locations":[{"start":{"line":20,"column":4},"end":{"line":20,"column":4}},{"start":{"line":20,"column":4},"end":{"line":20,"column":4}}]},"4":{"line":21,"type":"if","locations":[{"start":{"line":21,"column":4},"end":{"line":21,"column":4}},{"start":{"line":21,"column":4},"end":{"line":21,"column":4}}]},"5":{"line":24,"type":"if","locations":[{"start":{"line":24,"column":4},"end":{"line":24,"column":4}},{"start":{"line":24,"column":4},"end":{"line":24,"column":4}}]},"6":{"line":28,"type":"if","locations":[{"start":{"line":28,"column":4},"end":{"line":28,"column":4}},{"start":{"line":28,"column":4},"end":{"line":28,"column":4}}]},"7":{"line":36,"type":"if","locations":[{"start":{"line":36,"column":4},"end":{"line":36,"column":4}},{"start":{"line":36,"column":4},"end":{"line":36,"column":4}}]},"8":{"line":49,"type":"if","locations":[{"start":{"line":49,"column":4},"end":{"line":49,"column":4}},{"start":{"line":49,"column":4},"end":{"line":49,"column":4}}]},"9":{"line":66,"type":"if","locations":[{"start":{"line":66,"column":4},"end":{"line":66,"column":4}},{"start":{"line":66,"column":4},"end":{"line":66,"column":4}}]},"10":{"line":69,"type":"if","locations":[{"start":{"line":69,"column":4},"end":{"line":69,"column":4}},{"start":{"line":69,"column":4},"end":{"line":69,"column":4}}]},"11":{"line":82,"type":"if","locations":[{"start":{"line":82,"column":4},"end":{"line":82,"column":4}},{"start":{"line":82,"column":4},"end":{"line":82,"column":4}}]},"12":{"line":90,"type":"if","locations":[{"start":{"line":90,"column":4},"end":{"line":90,"column":4}},{"start":{"line":90,"column":4},"end":{"line":90,"column":4}}]},"13":{"line":93,"type":"if","locations":[{"start":{"line":93,"column":4},"end":{"line":93,"column":4}},{"start":{"line":93,"column":4},"end":{"line":93,"column":4}}]},"14":{"line":99,"type":"if","locations":[{"start":{"line":99,"column":4},"end":{"line":99,"column":4}},{"start":{"line":99,"column":4},"end":{"line":99,"column":4}}]},"15":{"line":124,"type":"if","locations":[{"start":{"line":124,"column":6},"end":{"line":124,"column":6}},{"start":{"line":124,"column":6},"end":{"line":124,"column":6}}]},"16":{"line":129,"type":"if","locations":[{"start":{"line":129,"column":6},"end":{"line":129,"column":6}},{"start":{"line":129,"column":6},"end":{"line":129,"column":6}}]},"17":{"line":157,"type":"if","locations":[{"start":{"line":157,"column":4},"end":{"line":157,"column":4}},{"start":{"line":157,"column":4},"end":{"line":157,"column":4}}]},"18":{"line":161,"type":"if","locations":[{"start":{"line":161,"column":4},"end":{"line":161,"column":4}},{"start":{"line":161,"column":4},"end":{"line":161,"column":4}}]},"19":{"line":173,"type":"if","locations":[{"start":{"line":173,"column":4},"end":{"line":173,"column":4}},{"start":{"line":173,"column":4},"end":{"line":173,"column":4}}]},"20":{"line":188,"type":"if","locations":[{"start":{"line":188,"column":4},"end":{"line":188,"column":4}},{"start":{"line":188,"column":4},"end":{"line":188,"column":4}}]}}},"contracts\\bRingFarmingOwnable.sol":{"l":{"101":23,"102":23,"104":23,"105":69,"108":23,"112":3,"114":1,"118":3,"120":1,"124":3,"126":1,"127":1,"128":1,"129":4,"152":19,"153":17,"154":11,"155":9,"157":7,"158":7,"159":7,"161":7,"162":6,"165":7,"166":7,"183":1,"185":1,"186":1,"188":1,"189":1,"192":1,"194":1,"195":3,"197":3,"198":0,"202":3,"203":3,"205":3,"206":3,"208":0,"209":0,"210":0,"211":0,"221":0,"226":1,"228":1,"229":1,"231":1,"235":5,"237":3,"241":1,"248":0,"252":0},"path":"E:\\Tests\\bRing_v2\\bRing-contracts-v2\\contracts\\bRingFarmingOwnable.sol","s":{"1":23,"2":23,"3":23,"4":69,"5":23,"6":3,"7":1,"8":3,"9":1,"10":3,"11":1,"12":1,"13":1,"14":4,"15":19,"16":17,"17":11,"18":9,"19":7,"20":7,"21":7,"22":7,"23":6,"24":7,"25":7,"26":1,"27":1,"28":1,"29":1,"30":1,"31":1,"32":1,"33":3,"34":3,"35":3,"36":3,"37":3,"38":0,"39":0,"40":0,"41":0,"42":0,"43":1,"44":1,"45":1,"46":1,"47":5,"48":3,"49":1,"50":0,"51":0},"b":{"1":[1,2],"2":[1,2],"3":[1,2],"4":[17,2],"5":[11,6],"6":[9,2],"7":[7,2],"8":[6,1],"9":[1,0],"10":[1,0],"11":[1,0],"12":[0,3],"13":[3,0],"14":[3,2],"15":[1,2],"16":[1,0]},"f":{"1":23,"2":3,"3":3,"4":3,"5":19,"6":1,"7":5,"8":0,"9":0},"fnMap":{"1":{"name":"constructor","line":100,"loc":{"start":{"line":100,"column":2},"end":{"line":109,"column":2}}},"2":{"name":"changeStakingDuration","line":111,"loc":{"start":{"line":111,"column":2},"end":{"line":115,"column":2}}},"3":{"name":"changeStakeMultiplier","line":117,"loc":{"start":{"line":117,"column":2},"end":{"line":121,"column":2}}},"4":{"name":"changeReferralPercents","line":123,"loc":{"start":{"line":123,"column":2},"end":{"line":131,"column":2}}},"5":{"name":"configPool","line":151,"loc":{"start":{"line":144,"column":2},"end":{"line":167,"column":2}}},"6":{"name":"emergencyUnstake","line":182,"loc":{"start":{"line":177,"column":2},"end":{"line":232,"column":2}}},"7":{"name":"retrieveTokens","line":234,"loc":{"start":{"line":234,"column":2},"end":{"line":245,"column":2}}},"8":{"name":"pause","line":247,"loc":{"start":{"line":247,"column":2},"end":{"line":249,"column":2}}},"9":{"name":"unpause","line":251,"loc":{"start":{"line":251,"column":2},"end":{"line":253,"column":2}}}},"statementMap":{"1":{"start":{"line":101,"column":4},"end":{"line":101,"column":35}},"2":{"start":{"line":102,"column":4},"end":{"line":102,"column":22}},"3":{"start":{"line":104,"column":4},"end":{"line":104,"column":2342}},"4":{"start":{"line":105,"column":6},"end":{"line":105,"column":47}},"5":{"start":{"line":108,"column":4},"end":{"line":108,"column":43}},"6":{"start":{"line":112,"column":4},"end":{"line":112,"column":47}},"7":{"start":{"line":114,"column":4},"end":{"line":114,"column":38}},"8":{"start":{"line":118,"column":4},"end":{"line":118,"column":55}},"9":{"start":{"line":120,"column":4},"end":{"line":120,"column":32}},"10":{"start":{"line":124,"column":4},"end":{"line":124,"column":80}},"11":{"start":{"line":126,"column":4},"end":{"line":126,"column":39}},"12":{"start":{"line":127,"column":4},"end":{"line":127,"column":27}},"13":{"start":{"line":128,"column":4},"end":{"line":128,"column":3119}},"14":{"start":{"line":129,"column":6},"end":{"line":129,"column":47}},"15":{"start":{"line":152,"column":4},"end":{"line":152,"column":80}},"16":{"start":{"line":153,"column":4},"end":{"line":153,"column":108}},"17":{"start":{"line":154,"column":4},"end":{"line":154,"column":79}},"18":{"start":{"line":155,"column":4},"end":{"line":155,"column":116}},"19":{"start":{"line":157,"column":4},"end":{"line":157,"column":60}},"20":{"start":{"line":158,"column":4},"end":{"line":158,"column":60}},"21":{"start":{"line":159,"column":4},"end":{"line":159,"column":62}},"22":{"start":{"line":161,"column":4},"end":{"line":161,"column":4641}},"23":{"start":{"line":162,"column":6},"end":{"line":162,"column":43}},"24":{"start":{"line":165,"column":4},"end":{"line":165,"column":62}},"25":{"start":{"line":166,"column":4},"end":{"line":166,"column":54}},"26":{"start":{"line":183,"column":4},"end":{"line":183,"column":72}},"27":{"start":{"line":185,"column":4},"end":{"line":185,"column":60}},"28":{"start":{"line":186,"column":4},"end":{"line":186,"column":65}},"29":{"start":{"line":188,"column":4},"end":{"line":188,"column":56}},"30":{"start":{"line":189,"column":4},"end":{"line":189,"column":91}},"31":{"start":{"line":192,"column":4},"end":{"line":192,"column":39}},"32":{"start":{"line":194,"column":4},"end":{"line":194,"column":5830}},"33":{"start":{"line":195,"column":6},"end":{"line":195,"column":71}},"34":{"start":{"line":197,"column":6},"end":{"line":197,"column":5974}},"35":{"start":{"line":202,"column":6},"end":{"line":202,"column":70}},"36":{"start":{"line":203,"column":6},"end":{"line":203,"column":129}},"37":{"start":{"line":205,"column":6},"end":{"line":205,"column":6292}},"38":{"start":{"line":208,"column":6},"end":{"line":208,"column":47}},"39":{"start":{"line":209,"column":6},"end":{"line":209,"column":6404}},"40":{"start":{"line":210,"column":8},"end":{"line":210,"column":92}},"41":{"start":{"line":211,"column":8},"end":{"line":211,"column":6589}},"42":{"start":{"line":221,"column":8},"end":{"line":221,"column":32}},"43":{"start":{"line":226,"column":4},"end":{"line":226,"column":73}},"44":{"start":{"line":228,"column":4},"end":{"line":228,"column":35}},"45":{"start":{"line":229,"column":4},"end":{"line":229,"column":43}},"46":{"start":{"line":231,"column":4},"end":{"line":231,"column":98}},"47":{"start":{"line":235,"column":4},"end":{"line":235,"column":41}},"48":{"start":{"line":237,"column":4},"end":{"line":237,"column":7327}},"49":{"start":{"line":241,"column":4},"end":{"line":241,"column":7445}},"50":{"start":{"line":248,"column":4},"end":{"line":248,"column":11}},"51":{"start":{"line":252,"column":4},"end":{"line":252,"column":13}}},"branchMap":{"1":{"line":112,"type":"if","locations":[{"start":{"line":112,"column":4},"end":{"line":112,"column":4}},{"start":{"line":112,"column":4},"end":{"line":112,"column":4}}]},"2":{"line":118,"type":"if","locations":[{"start":{"line":118,"column":4},"end":{"line":118,"column":4}},{"start":{"line":118,"column":4},"end":{"line":118,"column":4}}]},"3":{"line":124,"type":"if","locations":[{"start":{"line":124,"column":4},"end":{"line":124,"column":4}},{"start":{"line":124,"column":4},"end":{"line":124,"column":4}}]},"4":{"line":152,"type":"if","locations":[{"start":{"line":152,"column":4},"end":{"line":152,"column":4}},{"start":{"line":152,"column":4},"end":{"line":152,"column":4}}]},"5":{"line":153,"type":"if","locations":[{"start":{"line":153,"column":4},"end":{"line":153,"column":4}},{"start":{"line":153,"column":4},"end":{"line":153,"column":4}}]},"6":{"line":154,"type":"if","locations":[{"start":{"line":154,"column":4},"end":{"line":154,"column":4}},{"start":{"line":154,"column":4},"end":{"line":154,"column":4}}]},"7":{"line":155,"type":"if","locations":[{"start":{"line":155,"column":4},"end":{"line":155,"column":4}},{"start":{"line":155,"column":4},"end":{"line":155,"column":4}}]},"8":{"line":161,"type":"if","locations":[{"start":{"line":161,"column":4},"end":{"line":161,"column":4}},{"start":{"line":161,"column":4},"end":{"line":161,"column":4}}]},"9":{"line":183,"type":"if","locations":[{"start":{"line":183,"column":4},"end":{"line":183,"column":4}},{"start":{"line":183,"column":4},"end":{"line":183,"column":4}}]},"10":{"line":186,"type":"if","locations":[{"start":{"line":186,"column":4},"end":{"line":186,"column":4}},{"start":{"line":186,"column":4},"end":{"line":186,"column":4}}]},"11":{"line":189,"type":"if","locations":[{"start":{"line":189,"column":4},"end":{"line":189,"column":4}},{"start":{"line":189,"column":4},"end":{"line":189,"column":4}}]},"12":{"line":197,"type":"if","locations":[{"start":{"line":197,"column":6},"end":{"line":197,"column":6}},{"start":{"line":197,"column":6},"end":{"line":197,"column":6}}]},"13":{"line":205,"type":"if","locations":[{"start":{"line":205,"column":6},"end":{"line":205,"column":6}},{"start":{"line":205,"column":6},"end":{"line":205,"column":6}}]},"14":{"line":235,"type":"if","locations":[{"start":{"line":235,"column":4},"end":{"line":235,"column":4}},{"start":{"line":235,"column":4},"end":{"line":235,"column":4}}]},"15":{"line":237,"type":"if","locations":[{"start":{"line":237,"column":4},"end":{"line":237,"column":4}},{"start":{"line":237,"column":4},"end":{"line":237,"column":4}}]},"16":{"line":241,"type":"if","locations":[{"start":{"line":241,"column":4},"end":{"line":241,"column":4}},{"start":{"line":241,"column":4},"end":{"line":241,"column":4}}]}}},"contracts\\tokens\\FirstToken.sol":{"l":{"7":23},"path":"E:\\Tests\\bRing_v2\\bRing-contracts-v2\\contracts\\tokens\\FirstToken.sol","s":{"1":23},"b":{},"f":{"1":23},"fnMap":{"1":{"name":"constructor","line":6,"loc":{"start":{"line":6,"column":4},"end":{"line":9,"column":4}}}},"statementMap":{"1":{"start":{"line":7,"column":8},"end":{"line":7,"column":65}}},"branchMap":{}},"contracts\\tokens\\FourthToken.sol":{"l":{"6":3,"10":3},"path":"E:\\Tests\\bRing_v2\\bRing-contracts-v2\\contracts\\tokens\\FourthToken.sol","s":{"1":3,"2":3},"b":{},"f":{"1":3,"2":3},"fnMap":{"1":{"name":"constructor","line":5,"loc":{"start":{"line":5,"column":4},"end":{"line":7,"column":4}}},"2":{"name":"decimals","line":9,"loc":{"start":{"line":9,"column":4},"end":{"line":11,"column":4}}}},"statementMap":{"1":{"start":{"line":6,"column":8},"end":{"line":6,"column":65}},"2":{"start":{"line":10,"column":8},"end":{"line":10,"column":16}}},"branchMap":{}},"contracts\\tokens\\SecondToken.sol":{"l":{"6":23},"path":"E:\\Tests\\bRing_v2\\bRing-contracts-v2\\contracts\\tokens\\SecondToken.sol","s":{"1":23},"b":{},"f":{"1":23},"fnMap":{"1":{"name":"constructor","line":5,"loc":{"start":{"line":5,"column":4},"end":{"line":7,"column":4}}}},"statementMap":{"1":{"start":{"line":6,"column":8},"end":{"line":6,"column":65}}},"branchMap":{}},"contracts\\tokens\\ThirdToken.sol":{"l":{"6":23},"path":"E:\\Tests\\bRing_v2\\bRing-contracts-v2\\contracts\\tokens\\ThirdToken.sol","s":{"1":23},"b":{},"f":{"1":23},"fnMap":{"1":{"name":"constructor","line":5,"loc":{"start":{"line":5,"column":4},"end":{"line":7,"column":4}}}},"statementMap":{"1":{"start":{"line":6,"column":8},"end":{"line":6,"column":65}}},"branchMap":{}}}