{"contracts/bRingFarming.sol":{"l":{"14":81,"15":81,"17":77,"18":77,"20":77,"21":75,"24":75,"27":75,"28":75,"29":17,"30":17,"32":17,"36":75,"39":75,"40":75,"41":75,"42":75,"43":75,"46":75,"48":75,"50":75,"51":75,"53":75,"55":75,"59":19,"61":17,"62":17,"65":17,"67":17,"68":17,"71":17,"73":17,"74":17,"75":17,"76":12,"79":17,"83":22,"85":22,"86":22,"88":22,"89":22,"91":22,"92":22,"93":6,"96":22,"100":19,"104":0,"108":39,"109":39,"110":101,"115":101,"124":101,"125":81,"126":81,"127":2,"129":81,"131":20,"132":20,"133":2,"135":20,"137":20,"138":20,"139":6,"142":20,"143":20,"144":32,"145":32,"146":20,"148":12,"151":32,"152":32,"162":32,"167":39,"168":22,"173":161,"174":161,"175":41,"178":161,"179":71,"182":90,"187":29,"188":29,"190":29,"191":0,"194":29,"195":45,"200":45,"201":37,"207":141,"208":122,"211":19,"212":19,"213":1,"216":18,"244":127,"245":3,"248":127,"249":127,"252":127,"253":127,"254":127,"255":127,"256":127,"258":127,"259":128,"260":128,"261":128,"262":128,"263":128,"266":127,"272":24,"276":1,"280":1,"284":3,"286":3,"287":3,"288":3,"289":3,"290":3},"path":"/Users/olga/Documents/GitHub/bRing-contracts-v2/contracts/bRingFarming.sol","s":{"1":81,"2":81,"3":77,"4":77,"5":77,"6":75,"7":75,"8":75,"9":75,"10":17,"11":17,"12":17,"13":75,"14":75,"15":75,"16":75,"17":75,"18":75,"19":75,"20":75,"21":75,"22":75,"23":75,"24":75,"25":19,"26":17,"27":17,"28":17,"29":17,"30":17,"31":17,"32":17,"33":17,"34":17,"35":12,"36":17,"37":22,"38":22,"39":22,"40":22,"41":22,"42":22,"43":22,"44":6,"45":22,"46":19,"47":0,"48":39,"49":39,"50":101,"51":101,"52":101,"53":81,"54":81,"55":2,"56":81,"57":20,"58":20,"59":2,"60":20,"61":20,"62":20,"63":6,"64":20,"65":20,"66":32,"67":32,"68":20,"69":12,"70":32,"71":32,"72":32,"73":39,"74":22,"75":161,"76":161,"77":41,"78":161,"79":71,"80":90,"81":29,"82":29,"83":29,"84":0,"85":29,"86":45,"87":45,"88":37,"89":141,"90":122,"91":19,"92":19,"93":1,"94":18,"95":127,"96":3,"97":127,"98":127,"99":127,"100":127,"101":127,"102":127,"103":127,"104":127,"105":128,"106":128,"107":128,"108":128,"109":128,"110":127,"111":24,"112":1,"113":1,"114":3,"115":3,"116":3,"117":3,"118":3,"119":3},"b":{"1":[81,0],"2":[77,4],"3":[75,2],"4":[75,0],"5":[75,0],"6":[17,58],"7":[17,2],"8":[17,0],"9":[12,5],"10":[22,0],"11":[22,0],"12":[6,16],"13":[81,20],"14":[2,79],"15":[2,18],"16":[6,14],"17":[20,12],"18":[22,17],"19":[41,120],"20":[71,90],"21":[0,29],"22":[37,8],"23":[122,19],"24":[1,18],"25":[3,124],"26":[127,0],"27":[3,0]},"f":{"1":81,"2":19,"3":22,"4":19,"5":0,"6":39,"7":161,"8":29,"9":141,"10":127,"11":24,"12":1,"13":1,"14":3},"fnMap":{"1":{"name":"stake","line":13,"loc":{"start":{"line":13,"column":2},"end":{"line":56,"column":2}}},"2":{"name":"_unstake","line":58,"loc":{"start":{"line":58,"column":2},"end":{"line":80,"column":2}}},"3":{"name":"claimReward","line":82,"loc":{"start":{"line":82,"column":2},"end":{"line":97,"column":2}}},"4":{"name":"unstake","line":99,"loc":{"start":{"line":99,"column":2},"end":{"line":101,"column":2}}},"5":{"name":"unstakeForAddress","line":103,"loc":{"start":{"line":103,"column":2},"end":{"line":105,"column":2}}},"6":{"name":"distributeReward","line":107,"loc":{"start":{"line":107,"column":2},"end":{"line":170,"column":2}}},"7":{"name":"getRewardAccumulatedPerShare","line":172,"loc":{"start":{"line":172,"column":2},"end":{"line":184,"column":2}}},"8":{"name":"getStakeRewards","line":186,"loc":{"start":{"line":186,"column":2},"end":{"line":204,"column":2}}},"9":{"name":"getPenaltyPercent","line":206,"loc":{"start":{"line":206,"column":2},"end":{"line":217,"column":2}}},"10":{"name":"viewStakingDetails","line":235,"loc":{"start":{"line":235,"column":2},"end":{"line":269,"column":2}}},"11":{"name":"isActiveUser","line":271,"loc":{"start":{"line":271,"column":2},"end":{"line":273,"column":2}}},"12":{"name":"getReferrals","line":275,"loc":{"start":{"line":275,"column":2},"end":{"line":277,"column":2}}},"13":{"name":"getReferralsNumber","line":279,"loc":{"start":{"line":279,"column":2},"end":{"line":281,"column":2}}},"14":{"name":"getPoolPenaltyInfo","line":283,"loc":{"start":{"line":283,"column":2},"end":{"line":292,"column":2}}}},"statementMap":{"1":{"start":{"line":14,"column":4},"end":{"line":14,"column":52}},"2":{"start":{"line":15,"column":4},"end":{"line":15,"column":93}},"3":{"start":{"line":17,"column":4},"end":{"line":17,"column":41}},"4":{"start":{"line":18,"column":4},"end":{"line":18,"column":49}},"5":{"start":{"line":20,"column":4},"end":{"line":20,"column":104}},"6":{"start":{"line":21,"column":4},"end":{"line":21,"column":118}},"7":{"start":{"line":24,"column":4},"end":{"line":24,"column":65}},"8":{"start":{"line":27,"column":4},"end":{"line":27,"column":42}},"9":{"start":{"line":28,"column":4},"end":{"line":28,"column":1032}},"10":{"start":{"line":29,"column":6},"end":{"line":29,"column":29}},"11":{"start":{"line":30,"column":6},"end":{"line":30,"column":47}},"12":{"start":{"line":32,"column":6},"end":{"line":32,"column":71}},"13":{"start":{"line":36,"column":4},"end":{"line":36,"column":81}},"14":{"start":{"line":39,"column":4},"end":{"line":39,"column":27}},"15":{"start":{"line":40,"column":4},"end":{"line":40,"column":41}},"16":{"start":{"line":41,"column":4},"end":{"line":41,"column":49}},"17":{"start":{"line":42,"column":4},"end":{"line":42,"column":25}},"18":{"start":{"line":43,"column":4},"end":{"line":43,"column":37}},"19":{"start":{"line":46,"column":4},"end":{"line":46,"column":62}},"20":{"start":{"line":48,"column":4},"end":{"line":48,"column":43}},"21":{"start":{"line":50,"column":4},"end":{"line":50,"column":28}},"22":{"start":{"line":51,"column":4},"end":{"line":51,"column":43}},"23":{"start":{"line":53,"column":4},"end":{"line":53,"column":34}},"24":{"start":{"line":55,"column":4},"end":{"line":55,"column":83}},"25":{"start":{"line":59,"column":4},"end":{"line":59,"column":72}},"26":{"start":{"line":61,"column":4},"end":{"line":61,"column":60}},"27":{"start":{"line":62,"column":4},"end":{"line":62,"column":65}},"28":{"start":{"line":65,"column":4},"end":{"line":65,"column":39}},"29":{"start":{"line":67,"column":4},"end":{"line":67,"column":56}},"30":{"start":{"line":68,"column":4},"end":{"line":68,"column":53}},"31":{"start":{"line":71,"column":4},"end":{"line":71,"column":77}},"32":{"start":{"line":73,"column":4},"end":{"line":73,"column":35}},"33":{"start":{"line":74,"column":4},"end":{"line":74,"column":43}},"34":{"start":{"line":75,"column":4},"end":{"line":75,"column":2651}},"35":{"start":{"line":76,"column":6},"end":{"line":76,"column":70}},"36":{"start":{"line":79,"column":4},"end":{"line":79,"column":98}},"37":{"start":{"line":83,"column":4},"end":{"line":83,"column":71}},"38":{"start":{"line":85,"column":4},"end":{"line":85,"column":59}},"39":{"start":{"line":86,"column":4},"end":{"line":86,"column":65}},"40":{"start":{"line":88,"column":4},"end":{"line":88,"column":56}},"41":{"start":{"line":89,"column":4},"end":{"line":89,"column":51}},"42":{"start":{"line":91,"column":4},"end":{"line":91,"column":43}},"43":{"start":{"line":92,"column":4},"end":{"line":92,"column":3343}},"44":{"start":{"line":93,"column":6},"end":{"line":93,"column":70}},"45":{"start":{"line":96,"column":4},"end":{"line":96,"column":80}},"46":{"start":{"line":100,"column":4},"end":{"line":100,"column":33}},"47":{"start":{"line":104,"column":4},"end":{"line":104,"column":34}},"48":{"start":{"line":108,"column":4},"end":{"line":108,"column":62}},"49":{"start":{"line":109,"column":4},"end":{"line":109,"column":4012}},"50":{"start":{"line":110,"column":6},"end":{"line":110,"column":4095}},"51":{"start":{"line":115,"column":6},"end":{"line":115,"column":4241}},"52":{"start":{"line":124,"column":6},"end":{"line":124,"column":4527}},"53":{"start":{"line":125,"column":8},"end":{"line":125,"column":87}},"54":{"start":{"line":126,"column":8},"end":{"line":126,"column":4678}},"55":{"start":{"line":127,"column":10},"end":{"line":127,"column":109}},"56":{"start":{"line":129,"column":8},"end":{"line":129,"column":138}},"57":{"start":{"line":131,"column":8},"end":{"line":131,"column":87}},"58":{"start":{"line":132,"column":8},"end":{"line":132,"column":5080}},"59":{"start":{"line":133,"column":10},"end":{"line":133,"column":109}},"60":{"start":{"line":135,"column":8},"end":{"line":135,"column":138}},"61":{"start":{"line":137,"column":8},"end":{"line":137,"column":57}},"62":{"start":{"line":138,"column":8},"end":{"line":138,"column":5437}},"63":{"start":{"line":139,"column":10},"end":{"line":139,"column":58}},"64":{"start":{"line":142,"column":8},"end":{"line":142,"column":49}},"65":{"start":{"line":143,"column":8},"end":{"line":143,"column":5623}},"66":{"start":{"line":144,"column":10},"end":{"line":144,"column":27}},"67":{"start":{"line":145,"column":10},"end":{"line":145,"column":5741}},"68":{"start":{"line":146,"column":12},"end":{"line":146,"column":57}},"69":{"start":{"line":148,"column":12},"end":{"line":148,"column":118}},"70":{"start":{"line":151,"column":10},"end":{"line":151,"column":61}},"71":{"start":{"line":152,"column":10},"end":{"line":152,"column":6084}},"72":{"start":{"line":162,"column":10},"end":{"line":162,"column":34}},"73":{"start":{"line":167,"column":4},"end":{"line":167,"column":6366}},"74":{"start":{"line":168,"column":6},"end":{"line":168,"column":45}},"75":{"start":{"line":173,"column":4},"end":{"line":173,"column":40}},"76":{"start":{"line":174,"column":4},"end":{"line":174,"column":6595}},"77":{"start":{"line":175,"column":6},"end":{"line":175,"column":58}},"78":{"start":{"line":178,"column":4},"end":{"line":178,"column":6728}},"79":{"start":{"line":179,"column":6},"end":{"line":179,"column":35}},"80":{"start":{"line":182,"column":4},"end":{"line":182,"column":6923}},"81":{"start":{"line":187,"column":4},"end":{"line":187,"column":59}},"82":{"start":{"line":188,"column":4},"end":{"line":188,"column":55}},"83":{"start":{"line":190,"column":4},"end":{"line":190,"column":7225}},"84":{"start":{"line":191,"column":6},"end":{"line":191,"column":20}},"85":{"start":{"line":194,"column":4},"end":{"line":194,"column":7313}},"86":{"start":{"line":195,"column":6},"end":{"line":195,"column":7395}},"87":{"start":{"line":200,"column":6},"end":{"line":200,"column":7533}},"88":{"start":{"line":201,"column":8},"end":{"line":201,"column":82}},"89":{"start":{"line":207,"column":4},"end":{"line":207,"column":7737}},"90":{"start":{"line":208,"column":6},"end":{"line":208,"column":14}},"91":{"start":{"line":211,"column":4},"end":{"line":211,"column":59}},"92":{"start":{"line":212,"column":4},"end":{"line":212,"column":7882}},"93":{"start":{"line":213,"column":6},"end":{"line":213,"column":14}},"94":{"start":{"line":216,"column":4},"end":{"line":216,"column":101}},"95":{"start":{"line":244,"column":4},"end":{"line":244,"column":8895}},"96":{"start":{"line":245,"column":6},"end":{"line":245,"column":15}},"97":{"start":{"line":248,"column":4},"end":{"line":248,"column":8968}},"98":{"start":{"line":249,"column":6},"end":{"line":249,"column":55}},"99":{"start":{"line":252,"column":4},"end":{"line":252,"column":48}},"100":{"start":{"line":253,"column":4},"end":{"line":253,"column":64}},"101":{"start":{"line":254,"column":4},"end":{"line":254,"column":51}},"102":{"start":{"line":255,"column":4},"end":{"line":255,"column":54}},"103":{"start":{"line":256,"column":4},"end":{"line":256,"column":56}},"104":{"start":{"line":258,"column":4},"end":{"line":258,"column":9388}},"105":{"start":{"line":259,"column":6},"end":{"line":259,"column":50}},"106":{"start":{"line":260,"column":6},"end":{"line":260,"column":81}},"107":{"start":{"line":261,"column":6},"end":{"line":261,"column":56}},"108":{"start":{"line":262,"column":6},"end":{"line":262,"column":62}},"109":{"start":{"line":263,"column":6},"end":{"line":263,"column":66}},"110":{"start":{"line":266,"column":4},"end":{"line":266,"column":9766}},"111":{"start":{"line":272,"column":4},"end":{"line":272,"column":52}},"112":{"start":{"line":276,"column":4},"end":{"line":276,"column":39}},"113":{"start":{"line":280,"column":4},"end":{"line":280,"column":46}},"114":{"start":{"line":284,"column":4},"end":{"line":284,"column":48}},"115":{"start":{"line":286,"column":4},"end":{"line":286,"column":43}},"116":{"start":{"line":287,"column":4},"end":{"line":287,"column":15}},"117":{"start":{"line":288,"column":4},"end":{"line":288,"column":59}},"118":{"start":{"line":289,"column":4},"end":{"line":289,"column":10564}},"119":{"start":{"line":290,"column":6},"end":{"line":290,"column":43}}},"branchMap":{"1":{"line":14,"type":"if","locations":[{"start":{"line":14,"column":4},"end":{"line":14,"column":4}},{"start":{"line":14,"column":4},"end":{"line":14,"column":4}}]},"2":{"line":15,"type":"if","locations":[{"start":{"line":15,"column":4},"end":{"line":15,"column":4}},{"start":{"line":15,"column":4},"end":{"line":15,"column":4}}]},"3":{"line":20,"type":"if","locations":[{"start":{"line":20,"column":4},"end":{"line":20,"column":4}},{"start":{"line":20,"column":4},"end":{"line":20,"column":4}}]},"4":{"line":21,"type":"if","locations":[{"start":{"line":21,"column":4},"end":{"line":21,"column":4}},{"start":{"line":21,"column":4},"end":{"line":21,"column":4}}]},"5":{"line":24,"type":"if","locations":[{"start":{"line":24,"column":4},"end":{"line":24,"column":4}},{"start":{"line":24,"column":4},"end":{"line":24,"column":4}}]},"6":{"line":28,"type":"if","locations":[{"start":{"line":28,"column":4},"end":{"line":28,"column":4}},{"start":{"line":28,"column":4},"end":{"line":28,"column":4}}]},"7":{"line":59,"type":"if","locations":[{"start":{"line":59,"column":4},"end":{"line":59,"column":4}},{"start":{"line":59,"column":4},"end":{"line":59,"column":4}}]},"8":{"line":62,"type":"if","locations":[{"start":{"line":62,"column":4},"end":{"line":62,"column":4}},{"start":{"line":62,"column":4},"end":{"line":62,"column":4}}]},"9":{"line":75,"type":"if","locations":[{"start":{"line":75,"column":4},"end":{"line":75,"column":4}},{"start":{"line":75,"column":4},"end":{"line":75,"column":4}}]},"10":{"line":83,"type":"if","locations":[{"start":{"line":83,"column":4},"end":{"line":83,"column":4}},{"start":{"line":83,"column":4},"end":{"line":83,"column":4}}]},"11":{"line":86,"type":"if","locations":[{"start":{"line":86,"column":4},"end":{"line":86,"column":4}},{"start":{"line":86,"column":4},"end":{"line":86,"column":4}}]},"12":{"line":92,"type":"if","locations":[{"start":{"line":92,"column":4},"end":{"line":92,"column":4}},{"start":{"line":92,"column":4},"end":{"line":92,"column":4}}]},"13":{"line":124,"type":"if","locations":[{"start":{"line":124,"column":6},"end":{"line":124,"column":6}},{"start":{"line":124,"column":6},"end":{"line":124,"column":6}}]},"14":{"line":126,"type":"if","locations":[{"start":{"line":126,"column":8},"end":{"line":126,"column":8}},{"start":{"line":126,"column":8},"end":{"line":126,"column":8}}]},"15":{"line":132,"type":"if","locations":[{"start":{"line":132,"column":8},"end":{"line":132,"column":8}},{"start":{"line":132,"column":8},"end":{"line":132,"column":8}}]},"16":{"line":138,"type":"if","locations":[{"start":{"line":138,"column":8},"end":{"line":138,"column":8}},{"start":{"line":138,"column":8},"end":{"line":138,"column":8}}]},"17":{"line":145,"type":"if","locations":[{"start":{"line":145,"column":10},"end":{"line":145,"column":10}},{"start":{"line":145,"column":10},"end":{"line":145,"column":10}}]},"18":{"line":167,"type":"if","locations":[{"start":{"line":167,"column":4},"end":{"line":167,"column":4}},{"start":{"line":167,"column":4},"end":{"line":167,"column":4}}]},"19":{"line":174,"type":"if","locations":[{"start":{"line":174,"column":4},"end":{"line":174,"column":4}},{"start":{"line":174,"column":4},"end":{"line":174,"column":4}}]},"20":{"line":178,"type":"if","locations":[{"start":{"line":178,"column":4},"end":{"line":178,"column":4}},{"start":{"line":178,"column":4},"end":{"line":178,"column":4}}]},"21":{"line":190,"type":"if","locations":[{"start":{"line":190,"column":4},"end":{"line":190,"column":4}},{"start":{"line":190,"column":4},"end":{"line":190,"column":4}}]},"22":{"line":200,"type":"if","locations":[{"start":{"line":200,"column":6},"end":{"line":200,"column":6}},{"start":{"line":200,"column":6},"end":{"line":200,"column":6}}]},"23":{"line":207,"type":"if","locations":[{"start":{"line":207,"column":4},"end":{"line":207,"column":4}},{"start":{"line":207,"column":4},"end":{"line":207,"column":4}}]},"24":{"line":212,"type":"if","locations":[{"start":{"line":212,"column":4},"end":{"line":212,"column":4}},{"start":{"line":212,"column":4},"end":{"line":212,"column":4}}]},"25":{"line":244,"type":"if","locations":[{"start":{"line":244,"column":4},"end":{"line":244,"column":4}},{"start":{"line":244,"column":4},"end":{"line":244,"column":4}}]},"26":{"line":248,"type":"if","locations":[{"start":{"line":248,"column":4},"end":{"line":248,"column":4}},{"start":{"line":248,"column":4},"end":{"line":248,"column":4}}]},"27":{"line":289,"type":"if","locations":[{"start":{"line":289,"column":4},"end":{"line":289,"column":4}},{"start":{"line":289,"column":4},"end":{"line":289,"column":4}}]}}},"contracts/bRingFarmingOwnable.sol":{"l":{"109":51,"111":51,"112":153,"115":51,"119":3,"121":1,"125":3,"127":1,"128":1,"129":1,"130":4,"163":49,"164":47,"165":41,"166":39,"167":37,"168":37,"169":35,"170":33,"172":31,"173":31,"174":31,"176":31,"177":30,"180":31,"181":31,"183":31,"184":31,"185":31,"187":31,"188":31,"205":8,"207":6,"208":6,"210":4,"211":4,"214":2,"216":2,"217":2,"218":6,"219":1,"223":5,"224":5,"226":5,"227":2,"230":3,"231":3,"232":0,"235":3,"236":3,"237":3,"238":3,"239":3,"241":0,"244":3,"245":3,"255":3,"260":2,"262":2,"263":2,"265":2,"269":5,"271":3,"275":1,"279":1,"283":1,"291":0},"path":"/Users/olga/Documents/GitHub/bRing-contracts-v2/contracts/bRingFarmingOwnable.sol","s":{"1":51,"2":51,"3":153,"4":51,"5":3,"6":1,"7":3,"8":1,"9":1,"10":1,"11":4,"12":49,"13":47,"14":41,"15":39,"16":37,"17":37,"18":35,"19":33,"20":31,"21":31,"22":31,"23":31,"24":30,"25":31,"26":31,"27":31,"28":31,"29":31,"30":31,"31":31,"32":8,"33":6,"34":6,"35":4,"36":4,"37":2,"38":2,"39":2,"40":6,"41":5,"42":5,"43":5,"44":3,"45":3,"46":0,"47":3,"48":3,"49":3,"50":3,"51":3,"52":0,"53":3,"54":3,"55":3,"56":2,"57":2,"58":2,"59":2,"60":5,"61":3,"62":1,"63":1,"64":1,"65":0},"b":{"1":[1,2],"2":[1,2],"3":[47,2],"4":[41,6],"5":[39,2],"6":[37,2],"7":[37,0],"8":[35,2],"9":[33,2],"10":[31,2],"11":[30,1],"12":[6,2],"13":[4,2],"14":[2,2],"15":[1,5],"16":[2,3],"17":[0,3],"18":[3,0],"19":[3,2],"20":[1,2]},"f":{"1":51,"2":3,"3":3,"4":49,"5":8,"6":5,"7":1,"8":1,"9":0,"10":0},"fnMap":{"1":{"name":"constructor","line":108,"loc":{"start":{"line":108,"column":2},"end":{"line":116,"column":2}}},"2":{"name":"changeStakingDuration","line":118,"loc":{"start":{"line":118,"column":2},"end":{"line":122,"column":2}}},"3":{"name":"changeReferralPercents","line":124,"loc":{"start":{"line":124,"column":2},"end":{"line":132,"column":2}}},"4":{"name":"configPool","line":162,"loc":{"start":{"line":150,"column":2},"end":{"line":189,"column":2}}},"5":{"name":"emergencyUnstake","line":204,"loc":{"start":{"line":199,"column":2},"end":{"line":266,"column":2}}},"6":{"name":"retrieveTokens","line":268,"loc":{"start":{"line":268,"column":2},"end":{"line":276,"column":2}}},"7":{"name":"pause","line":278,"loc":{"start":{"line":278,"column":2},"end":{"line":280,"column":2}}},"8":{"name":"unpause","line":282,"loc":{"start":{"line":282,"column":2},"end":{"line":284,"column":2}}},"9":{"name":"stake","line":286,"loc":{"start":{"line":286,"column":2},"end":{"line":288,"column":2}}},"10":{"name":"stake","line":290,"loc":{"start":{"line":290,"column":2},"end":{"line":292,"column":2}}}},"statementMap":{"1":{"start":{"line":109,"column":4},"end":{"line":109,"column":35}},"2":{"start":{"line":111,"column":4},"end":{"line":111,"column":2473}},"3":{"start":{"line":112,"column":6},"end":{"line":112,"column":47}},"4":{"start":{"line":115,"column":4},"end":{"line":115,"column":43}},"5":{"start":{"line":119,"column":4},"end":{"line":119,"column":47}},"6":{"start":{"line":121,"column":4},"end":{"line":121,"column":38}},"7":{"start":{"line":125,"column":4},"end":{"line":125,"column":80}},"8":{"start":{"line":127,"column":4},"end":{"line":127,"column":39}},"9":{"start":{"line":128,"column":4},"end":{"line":128,"column":27}},"10":{"start":{"line":129,"column":4},"end":{"line":129,"column":3052}},"11":{"start":{"line":130,"column":6},"end":{"line":130,"column":47}},"12":{"start":{"line":163,"column":4},"end":{"line":163,"column":80}},"13":{"start":{"line":164,"column":4},"end":{"line":164,"column":108}},"14":{"start":{"line":165,"column":4},"end":{"line":165,"column":103}},"15":{"start":{"line":166,"column":4},"end":{"line":166,"column":108}},"16":{"start":{"line":167,"column":4},"end":{"line":167,"column":86}},"17":{"start":{"line":168,"column":4},"end":{"line":168,"column":59}},"18":{"start":{"line":169,"column":4},"end":{"line":169,"column":74}},"19":{"start":{"line":170,"column":4},"end":{"line":170,"column":79}},"20":{"start":{"line":172,"column":4},"end":{"line":172,"column":60}},"21":{"start":{"line":173,"column":4},"end":{"line":173,"column":60}},"22":{"start":{"line":174,"column":4},"end":{"line":174,"column":62}},"23":{"start":{"line":176,"column":4},"end":{"line":176,"column":5393}},"24":{"start":{"line":177,"column":6},"end":{"line":177,"column":43}},"25":{"start":{"line":180,"column":4},"end":{"line":180,"column":62}},"26":{"start":{"line":181,"column":4},"end":{"line":181,"column":54}},"27":{"start":{"line":183,"column":4},"end":{"line":183,"column":52}},"28":{"start":{"line":184,"column":4},"end":{"line":184,"column":62}},"29":{"start":{"line":185,"column":4},"end":{"line":185,"column":62}},"30":{"start":{"line":187,"column":4},"end":{"line":187,"column":84}},"31":{"start":{"line":188,"column":4},"end":{"line":188,"column":68}},"32":{"start":{"line":205,"column":4},"end":{"line":205,"column":72}},"33":{"start":{"line":207,"column":4},"end":{"line":207,"column":60}},"34":{"start":{"line":208,"column":4},"end":{"line":208,"column":65}},"35":{"start":{"line":210,"column":4},"end":{"line":210,"column":56}},"36":{"start":{"line":211,"column":4},"end":{"line":211,"column":91}},"37":{"start":{"line":214,"column":4},"end":{"line":214,"column":39}},"38":{"start":{"line":216,"column":4},"end":{"line":216,"column":62}},"39":{"start":{"line":217,"column":4},"end":{"line":217,"column":6959}},"40":{"start":{"line":218,"column":6},"end":{"line":218,"column":7025}},"41":{"start":{"line":223,"column":6},"end":{"line":223,"column":74}},"42":{"start":{"line":224,"column":6},"end":{"line":224,"column":129}},"43":{"start":{"line":226,"column":6},"end":{"line":226,"column":7339}},"44":{"start":{"line":230,"column":6},"end":{"line":230,"column":55}},"45":{"start":{"line":231,"column":6},"end":{"line":231,"column":7456}},"46":{"start":{"line":232,"column":8},"end":{"line":232,"column":56}},"47":{"start":{"line":235,"column":6},"end":{"line":235,"column":47}},"48":{"start":{"line":236,"column":6},"end":{"line":236,"column":7634}},"49":{"start":{"line":237,"column":8},"end":{"line":237,"column":25}},"50":{"start":{"line":238,"column":8},"end":{"line":238,"column":7748}},"51":{"start":{"line":239,"column":10},"end":{"line":239,"column":59}},"52":{"start":{"line":241,"column":10},"end":{"line":241,"column":120}},"53":{"start":{"line":244,"column":8},"end":{"line":244,"column":59}},"54":{"start":{"line":245,"column":8},"end":{"line":245,"column":8087}},"55":{"start":{"line":255,"column":8},"end":{"line":255,"column":32}},"56":{"start":{"line":260,"column":4},"end":{"line":260,"column":77}},"57":{"start":{"line":262,"column":4},"end":{"line":262,"column":35}},"58":{"start":{"line":263,"column":4},"end":{"line":263,"column":43}},"59":{"start":{"line":265,"column":4},"end":{"line":265,"column":98}},"60":{"start":{"line":269,"column":4},"end":{"line":269,"column":41}},"61":{"start":{"line":271,"column":4},"end":{"line":271,"column":8766}},"62":{"start":{"line":275,"column":4},"end":{"line":275,"column":55}},"63":{"start":{"line":279,"column":4},"end":{"line":279,"column":11}},"64":{"start":{"line":283,"column":4},"end":{"line":283,"column":13}},"65":{"start":{"line":291,"column":4},"end":{"line":291,"column":34}}},"branchMap":{"1":{"line":119,"type":"if","locations":[{"start":{"line":119,"column":4},"end":{"line":119,"column":4}},{"start":{"line":119,"column":4},"end":{"line":119,"column":4}}]},"2":{"line":125,"type":"if","locations":[{"start":{"line":125,"column":4},"end":{"line":125,"column":4}},{"start":{"line":125,"column":4},"end":{"line":125,"column":4}}]},"3":{"line":163,"type":"if","locations":[{"start":{"line":163,"column":4},"end":{"line":163,"column":4}},{"start":{"line":163,"column":4},"end":{"line":163,"column":4}}]},"4":{"line":164,"type":"if","locations":[{"start":{"line":164,"column":4},"end":{"line":164,"column":4}},{"start":{"line":164,"column":4},"end":{"line":164,"column":4}}]},"5":{"line":165,"type":"if","locations":[{"start":{"line":165,"column":4},"end":{"line":165,"column":4}},{"start":{"line":165,"column":4},"end":{"line":165,"column":4}}]},"6":{"line":166,"type":"if","locations":[{"start":{"line":166,"column":4},"end":{"line":166,"column":4}},{"start":{"line":166,"column":4},"end":{"line":166,"column":4}}]},"7":{"line":167,"type":"if","locations":[{"start":{"line":167,"column":4},"end":{"line":167,"column":4}},{"start":{"line":167,"column":4},"end":{"line":167,"column":4}}]},"8":{"line":168,"type":"if","locations":[{"start":{"line":168,"column":4},"end":{"line":168,"column":4}},{"start":{"line":168,"column":4},"end":{"line":168,"column":4}}]},"9":{"line":169,"type":"if","locations":[{"start":{"line":169,"column":4},"end":{"line":169,"column":4}},{"start":{"line":169,"column":4},"end":{"line":169,"column":4}}]},"10":{"line":170,"type":"if","locations":[{"start":{"line":170,"column":4},"end":{"line":170,"column":4}},{"start":{"line":170,"column":4},"end":{"line":170,"column":4}}]},"11":{"line":176,"type":"if","locations":[{"start":{"line":176,"column":4},"end":{"line":176,"column":4}},{"start":{"line":176,"column":4},"end":{"line":176,"column":4}}]},"12":{"line":205,"type":"if","locations":[{"start":{"line":205,"column":4},"end":{"line":205,"column":4}},{"start":{"line":205,"column":4},"end":{"line":205,"column":4}}]},"13":{"line":208,"type":"if","locations":[{"start":{"line":208,"column":4},"end":{"line":208,"column":4}},{"start":{"line":208,"column":4},"end":{"line":208,"column":4}}]},"14":{"line":211,"type":"if","locations":[{"start":{"line":211,"column":4},"end":{"line":211,"column":4}},{"start":{"line":211,"column":4},"end":{"line":211,"column":4}}]},"15":{"line":218,"type":"if","locations":[{"start":{"line":218,"column":6},"end":{"line":218,"column":6}},{"start":{"line":218,"column":6},"end":{"line":218,"column":6}}]},"16":{"line":226,"type":"if","locations":[{"start":{"line":226,"column":6},"end":{"line":226,"column":6}},{"start":{"line":226,"column":6},"end":{"line":226,"column":6}}]},"17":{"line":231,"type":"if","locations":[{"start":{"line":231,"column":6},"end":{"line":231,"column":6}},{"start":{"line":231,"column":6},"end":{"line":231,"column":6}}]},"18":{"line":238,"type":"if","locations":[{"start":{"line":238,"column":8},"end":{"line":238,"column":8}},{"start":{"line":238,"column":8},"end":{"line":238,"column":8}}]},"19":{"line":269,"type":"if","locations":[{"start":{"line":269,"column":4},"end":{"line":269,"column":4}},{"start":{"line":269,"column":4},"end":{"line":269,"column":4}}]},"20":{"line":271,"type":"if","locations":[{"start":{"line":271,"column":4},"end":{"line":271,"column":4}},{"start":{"line":271,"column":4},"end":{"line":271,"column":4}}]}}},"contracts/bRingToken.sol":{"l":{"12":4,"14":4,"18":0,"19":0},"path":"/Users/olga/Documents/GitHub/bRing-contracts-v2/contracts/bRingToken.sol","s":{"1":4,"2":4,"3":0,"4":0},"b":{},"f":{"1":4,"2":0},"fnMap":{"1":{"name":"constructor","line":11,"loc":{"start":{"line":11,"column":2},"end":{"line":15,"column":2}}},"2":{"name":"batchTransfer","line":17,"loc":{"start":{"line":17,"column":2},"end":{"line":21,"column":2}}}},"statementMap":{"1":{"start":{"line":12,"column":4},"end":{"line":12,"column":36}},"2":{"start":{"line":14,"column":4},"end":{"line":14,"column":65}},"3":{"start":{"line":18,"column":4},"end":{"line":18,"column":495}},"4":{"start":{"line":19,"column":6},"end":{"line":19,"column":39}}},"branchMap":{}},"contracts/tokens/FirstToken.sol":{"l":{"7":51},"path":"/Users/olga/Documents/GitHub/bRing-contracts-v2/contracts/tokens/FirstToken.sol","s":{"1":51},"b":{},"f":{"1":51},"fnMap":{"1":{"name":"constructor","line":6,"loc":{"start":{"line":6,"column":4},"end":{"line":9,"column":4}}}},"statementMap":{"1":{"start":{"line":7,"column":8},"end":{"line":7,"column":65}}},"branchMap":{}},"contracts/tokens/FourthToken.sol":{"l":{"6":3,"10":3},"path":"/Users/olga/Documents/GitHub/bRing-contracts-v2/contracts/tokens/FourthToken.sol","s":{"1":3,"2":3},"b":{},"f":{"1":3,"2":3},"fnMap":{"1":{"name":"constructor","line":5,"loc":{"start":{"line":5,"column":4},"end":{"line":7,"column":4}}},"2":{"name":"decimals","line":9,"loc":{"start":{"line":9,"column":4},"end":{"line":11,"column":4}}}},"statementMap":{"1":{"start":{"line":6,"column":8},"end":{"line":6,"column":65}},"2":{"start":{"line":10,"column":8},"end":{"line":10,"column":16}}},"branchMap":{}},"contracts/tokens/SecondToken.sol":{"l":{"6":46},"path":"/Users/olga/Documents/GitHub/bRing-contracts-v2/contracts/tokens/SecondToken.sol","s":{"1":46},"b":{},"f":{"1":46},"fnMap":{"1":{"name":"constructor","line":5,"loc":{"start":{"line":5,"column":4},"end":{"line":7,"column":4}}}},"statementMap":{"1":{"start":{"line":6,"column":8},"end":{"line":6,"column":65}}},"branchMap":{}},"contracts/tokens/ThirdToken.sol":{"l":{"6":37},"path":"/Users/olga/Documents/GitHub/bRing-contracts-v2/contracts/tokens/ThirdToken.sol","s":{"1":37},"b":{},"f":{"1":37},"fnMap":{"1":{"name":"constructor","line":5,"loc":{"start":{"line":5,"column":4},"end":{"line":7,"column":4}}}},"statementMap":{"1":{"start":{"line":6,"column":8},"end":{"line":6,"column":65}}},"branchMap":{}}}