{
"contracts\\BRingFarming.sol":{"l":{"14":14,"15":14,"17":14,"18":14,"20":14,"21":12,"24":12,"27":12,"28":12,"29":2,"30":2,"32":2,"36":12,"42":12,"43":12,"44":12,"45":12,"46":12,"49":12,"50":36,"52":36,"55":12,"56":12,"58":12,"60":12,"64":1,"66":1,"67":1,"70":1,"72":1,"73":1,"76":1,"78":1,"79":1,"80":1,"81":0,"84":1,"88":0,"90":0,"91":0,"93":0,"94":0,"96":0,"97":0,"98":0,"101":0,"105":1,"109":0,"113":1,"114":3,"116":3,"122":3,"123":0,"127":3,"128":3,"129":3,"131":0,"132":0,"134":0,"135":0,"136":0,"137":0,"147":0,"154":45,"155":45,"156":0,"159":45,"160":27,"163":18,"168":0,"169":0,"171":0,"172":0,"175":0,"176":0,"185":3,"186":3,"187":0,"190":3,"216":12,"217":12,"218":12,"219":12,"220":12,"222":12,"223":13,"224":13,"225":13,"226":13,"227":13,"230":12,"236":5,"240":0,"244":0},"path":"E:\\Tests\\bRing_v2\\bRing-contracts-v2\\contracts\\BRingFarming.sol","s":{"1":14,"2":14,"3":14,"4":14,"5":14,"6":12,"7":12,"8":12,"9":12,"10":2,"11":2,"12":2,"13":12,"14":12,"15":12,"16":12,"17":12,"18":12,"19":12,"20":36,"21":36,"22":12,"23":12,"24":12,"25":12,"26":1,"27":1,"28":1,"29":1,"30":1,"31":1,"32":1,"33":1,"34":1,"35":1,"36":0,"37":1,"38":0,"39":0,"40":0,"41":0,"42":0,"43":0,"44":0,"45":0,"46":0,"47":1,"48":0,"49":1,"50":3,"51":3,"52":3,"53":0,"54":3,"55":3,"56":3,"57":0,"58":0,"59":0,"60":0,"61":0,"62":0,"63":0,"64":45,"65":45,"66":0,"67":45,"68":27,"69":18,"70":0,"71":0,"72":0,"73":0,"74":0,"75":0,"76":3,"77":3,"78":0,"79":3,"80":12,"81":12,"82":12,"83":12,"84":12,"85":12,"86":13,"87":13,"88":13,"89":13,"90":13,"91":12,"92":5,"93":0,"94":0},"b":{"1":[14,0],"2":[14,0],"3":[12,2],"4":[12,0],"5":[12,0],"6":[2,10],"7":[12,0],"8":[1,0],"9":[1,0],"10":[0,1],"11":[0,0],"12":[0,0],"13":[0,0],"14":[0,3],"15":[3,0],"16":[0,45],"17":[27,18],"18":[0,0],"19":[0,3]},"f":{"1":14,"2":1,"3":0,"4":1,"5":0,"6":1,"7":45,"8":0,"9":3,"10":12,"11":5,"12":0,"13":0},"fnMap":{"1":{"name":"stake","line":13,"loc":{"start":{"line":13,"column":2},"end":{"line":61,"column":2}}},"2":{"name":"_unstake","line":63,"loc":{"start":{"line":63,"column":2},"end":{"line":85,"column":2}}},"3":{"name":"claimReward","line":87,"loc":{"start":{"line":87,"column":2},"end":{"line":102,"column":2}}},"4":{"name":"unstake","line":104,"loc":{"start":{"line":104,"column":2},"end":{"line":106,"column":2}}},"5":{"name":"unstakeForAddress","line":108,"loc":{"start":{"line":108,"column":2},"end":{"line":110,"column":2}}},"6":{"name":"distributeReward","line":112,"loc":{"start":{"line":112,"column":2},"end":{"line":151,"column":2}}},"7":{"name":"getRewardAccumulatedPerShare","line":153,"loc":{"start":{"line":153,"column":2},"end":{"line":165,"column":2}}},"8":{"name":"getStakeRewards","line":167,"loc":{"start":{"line":167,"column":2},"end":{"line":182,"column":2}}},"9":{"name":"getStakeMultiplier","line":184,"loc":{"start":{"line":184,"column":2},"end":{"line":191,"column":2}}},"10":{"name":"viewStakingDetails","line":207,"loc":{"start":{"line":207,"column":2},"end":{"line":233,"column":2}}},"11":{"name":"isActiveUser","line":235,"loc":{"start":{"line":235,"column":2},"end":{"line":237,"column":2}}},"12":{"name":"getReferrals","line":239,"loc":{"start":{"line":239,"column":2},"end":{"line":241,"column":2}}},"13":{"name":"getReferralsNumber","line":243,"loc":{"start":{"line":243,"column":2},"end":{"line":245,"column":2}}}},"statementMap":{"1":{"start":{"line":14,"column":4},"end":{"line":14,"column":52}},"2":{"start":{"line":15,"column":4},"end":{"line":15,"column":93}},"3":{"start":{"line":17,"column":4},"end":{"line":17,"column":41}},"4":{"start":{"line":18,"column":4},"end":{"line":18,"column":49}},"5":{"start":{"line":20,"column":4},"end":{"line":20,"column":104}},"6":{"start":{"line":21,"column":4},"end":{"line":21,"column":87}},"7":{"start":{"line":24,"column":4},"end":{"line":24,"column":65}},"8":{"start":{"line":27,"column":4},"end":{"line":27,"column":42}},"9":{"start":{"line":28,"column":4},"end":{"line":28,"column":1064}},"10":{"start":{"line":29,"column":6},"end":{"line":29,"column":29}},"11":{"start":{"line":30,"column":6},"end":{"line":30,"column":47}},"12":{"start":{"line":32,"column":6},"end":{"line":32,"column":71}},"13":{"start":{"line":36,"column":4},"end":{"line":36,"column":1410}},"14":{"start":{"line":42,"column":4},"end":{"line":42,"column":27}},"15":{"start":{"line":43,"column":4},"end":{"line":43,"column":41}},"16":{"start":{"line":44,"column":4},"end":{"line":44,"column":49}},"17":{"start":{"line":45,"column":4},"end":{"line":45,"column":25}},"18":{"start":{"line":46,"column":4},"end":{"line":46,"column":37}},"19":{"start":{"line":49,"column":4},"end":{"line":49,"column":1799}},"20":{"start":{"line":50,"column":6},"end":{"line":50,"column":71}},"21":{"start":{"line":52,"column":6},"end":{"line":52,"column":52}},"22":{"start":{"line":55,"column":4},"end":{"line":55,"column":28}},"23":{"start":{"line":56,"column":4},"end":{"line":56,"column":43}},"24":{"start":{"line":58,"column":4},"end":{"line":58,"column":34}},"25":{"start":{"line":60,"column":4},"end":{"line":60,"column":83}},"26":{"start":{"line":64,"column":4},"end":{"line":64,"column":72}},"27":{"start":{"line":66,"column":4},"end":{"line":66,"column":60}},"28":{"start":{"line":67,"column":4},"end":{"line":67,"column":65}},"29":{"start":{"line":70,"column":4},"end":{"line":70,"column":39}},"30":{"start":{"line":72,"column":4},"end":{"line":72,"column":56}},"31":{"start":{"line":73,"column":4},"end":{"line":73,"column":53}},"32":{"start":{"line":76,"column":4},"end":{"line":76,"column":73}},"33":{"start":{"line":78,"column":4},"end":{"line":78,"column":35}},"34":{"start":{"line":79,"column":4},"end":{"line":79,"column":43}},"35":{"start":{"line":80,"column":4},"end":{"line":80,"column":2884}},"36":{"start":{"line":81,"column":6},"end":{"line":81,"column":70}},"37":{"start":{"line":84,"column":4},"end":{"line":84,"column":98}},"38":{"start":{"line":88,"column":4},"end":{"line":88,"column":71}},"39":{"start":{"line":90,"column":4},"end":{"line":90,"column":59}},"40":{"start":{"line":91,"column":4},"end":{"line":91,"column":65}},"41":{"start":{"line":93,"column":4},"end":{"line":93,"column":56}},"42":{"start":{"line":94,"column":4},"end":{"line":94,"column":51}},"43":{"start":{"line":96,"column":4},"end":{"line":96,"column":43}},"44":{"start":{"line":97,"column":4},"end":{"line":97,"column":3593}},"45":{"start":{"line":98,"column":6},"end":{"line":98,"column":70}},"46":{"start":{"line":101,"column":4},"end":{"line":101,"column":80}},"47":{"start":{"line":105,"column":4},"end":{"line":105,"column":33}},"48":{"start":{"line":109,"column":4},"end":{"line":109,"column":34}},"49":{"start":{"line":113,"column":4},"end":{"line":113,"column":4213}},"50":{"start":{"line":114,"column":6},"end":{"line":114,"column":71}},"51":{"start":{"line":116,"column":6},"end":{"line":116,"column":4387}},"52":{"start":{"line":122,"column":6},"end":{"line":122,"column":4560}},"53":{"start":{"line":123,"column":8},"end":{"line":123,"column":54}},"54":{"start":{"line":127,"column":6},"end":{"line":127,"column":4709}},"55":{"start":{"line":128,"column":8},"end":{"line":128,"column":79}},"56":{"start":{"line":129,"column":8},"end":{"line":129,"column":138}},"57":{"start":{"line":131,"column":8},"end":{"line":131,"column":79}},"58":{"start":{"line":132,"column":8},"end":{"line":132,"column":138}},"59":{"start":{"line":134,"column":8},"end":{"line":134,"column":49}},"60":{"start":{"line":135,"column":8},"end":{"line":135,"column":5289}},"61":{"start":{"line":136,"column":10},"end":{"line":136,"column":90}},"62":{"start":{"line":137,"column":10},"end":{"line":137,"column":5474}},"63":{"start":{"line":147,"column":10},"end":{"line":147,"column":34}},"64":{"start":{"line":154,"column":4},"end":{"line":154,"column":40}},"65":{"start":{"line":155,"column":4},"end":{"line":155,"column":5980}},"66":{"start":{"line":156,"column":6},"end":{"line":156,"column":58}},"67":{"start":{"line":159,"column":4},"end":{"line":159,"column":6117}},"68":{"start":{"line":160,"column":6},"end":{"line":160,"column":56}},"69":{"start":{"line":163,"column":4},"end":{"line":163,"column":6376}},"70":{"start":{"line":168,"column":4},"end":{"line":168,"column":59}},"71":{"start":{"line":169,"column":4},"end":{"line":169,"column":55}},"72":{"start":{"line":171,"column":4},"end":{"line":171,"column":6688}},"73":{"start":{"line":172,"column":6},"end":{"line":172,"column":20}},"74":{"start":{"line":175,"column":4},"end":{"line":175,"column":6780}},"75":{"start":{"line":176,"column":6},"end":{"line":176,"column":6876}},"76":{"start":{"line":185,"column":4},"end":{"line":185,"column":46}},"77":{"start":{"line":186,"column":4},"end":{"line":186,"column":7203}},"78":{"start":{"line":187,"column":6},"end":{"line":187,"column":64}},"79":{"start":{"line":190,"column":4},"end":{"line":190,"column":148}},"80":{"start":{"line":216,"column":4},"end":{"line":216,"column":69}},"81":{"start":{"line":217,"column":4},"end":{"line":217,"column":85}},"82":{"start":{"line":218,"column":4},"end":{"line":218,"column":72}},"83":{"start":{"line":219,"column":4},"end":{"line":219,"column":75}},"84":{"start":{"line":220,"column":4},"end":{"line":220,"column":77}},"85":{"start":{"line":222,"column":4},"end":{"line":222,"column":8644}},"86":{"start":{"line":223,"column":6},"end":{"line":223,"column":41}},"87":{"start":{"line":224,"column":6},"end":{"line":224,"column":72}},"88":{"start":{"line":225,"column":6},"end":{"line":225,"column":47}},"89":{"start":{"line":226,"column":6},"end":{"line":226,"column":53}},"90":{"start":{"line":227,"column":6},"end":{"line":227,"column":57}},"91":{"start":{"line":230,"column":4},"end":{"line":230,"column":9013}},"92":{"start":{"line":236,"column":4},"end":{"line":236,"column":52}},"93":{"start":{"line":240,"column":4},"end":{"line":240,"column":39}},"94":{"start":{"line":244,"column":4},"end":{"line":244,"column":46}}},"branchMap":{"1":{"line":14,"type":"if","locations":[{"start":{"line":14,"column":4},"end":{"line":14,"column":4}},{"start":{"line":14,"column":4},"end":{"line":14,"column":4}}]},"2":{"line":15,"type":"if","locations":[{"start":{"line":15,"column":4},"end":{"line":15,"column":4}},{"start":{"line":15,"column":4},"end":{"line":15,"column":4}}]},"3":{"line":20,"type":"if","locations":[{"start":{"line":20,"column":4},"end":{"line":20,"column":4}},{"start":{"line":20,"column":4},"end":{"line":20,"column":4}}]},"4":{"line":21,"type":"if","locations":[{"start":{"line":21,"column":4},"end":{"line":21,"column":4}},{"start":{"line":21,"column":4},"end":{"line":21,"column":4}}]},"5":{"line":24,"type":"if","locations":[{"start":{"line":24,"column":4},"end":{"line":24,"column":4}},{"start":{"line":24,"column":4},"end":{"line":24,"column":4}}]},"6":{"line":28,"type":"if","locations":[{"start":{"line":28,"column":4},"end":{"line":28,"column":4}},{"start":{"line":28,"column":4},"end":{"line":28,"column":4}}]},"7":{"line":36,"type":"if","locations":[{"start":{"line":36,"column":4},"end":{"line":36,"column":4}},{"start":{"line":36,"column":4},"end":{"line":36,"column":4}}]},"8":{"line":64,"type":"if","locations":[{"start":{"line":64,"column":4},"end":{"line":64,"column":4}},{"start":{"line":64,"column":4},"end":{"line":64,"column":4}}]},"9":{"line":67,"type":"if","locations":[{"start":{"line":67,"column":4},"end":{"line":67,"column":4}},{"start":{"line":67,"column":4},"end":{"line":67,"column":4}}]},"10":{"line":80,"type":"if","locations":[{"start":{"line":80,"column":4},"end":{"line":80,"column":4}},{"start":{"line":80,"column":4},"end":{"line":80,"column":4}}]},"11":{"line":88,"type":"if","locations":[{"start":{"line":88,"column":4},"end":{"line":88,"column":4}},{"start":{"line":88,"column":4},"end":{"line":88,"column":4}}]},"12":{"line":91,"type":"if","locations":[{"start":{"line":91,"column":4},"end":{"line":91,"column":4}},{"start":{"line":91,"column":4},"end":{"line":91,"column":4}}]},"13":{"line":97,"type":"if","locations":[{"start":{"line":97,"column":4},"end":{"line":97,"column":4}},{"start":{"line":97,"column":4},"end":{"line":97,"column":4}}]},"14":{"line":122,"type":"if","locations":[{"start":{"line":122,"column":6},"end":{"line":122,"column":6}},{"start":{"line":122,"column":6},"end":{"line":122,"column":6}}]},"15":{"line":127,"type":"if","locations":[{"start":{"line":127,"column":6},"end":{"line":127,"column":6}},{"start":{"line":127,"column":6},"end":{"line":127,"column":6}}]},"16":{"line":155,"type":"if","locations":[{"start":{"line":155,"column":4},"end":{"line":155,"column":4}},{"start":{"line":155,"column":4},"end":{"line":155,"column":4}}]},"17":{"line":159,"type":"if","locations":[{"start":{"line":159,"column":4},"end":{"line":159,"column":4}},{"start":{"line":159,"column":4},"end":{"line":159,"column":4}}]},"18":{"line":171,"type":"if","locations":[{"start":{"line":171,"column":4},"end":{"line":171,"column":4}},{"start":{"line":171,"column":4},"end":{"line":171,"column":4}}]},"19":{"line":186,"type":"if","locations":[{"start":{"line":186,"column":4},"end":{"line":186,"column":4}},{"start":{"line":186,"column":4},"end":{"line":186,"column":4}}]}}},
"contracts\\BRingFarmingOwnable.sol":{"l":{"101":30,"102":30,"104":30,"105":90,"108":30,"112":3,"114":1,"118":3,"120":1,"124":3,"126":1,"127":1,"128":1,"129":4,"152":22,"153":20,"154":14,"155":12,"157":10,"158":10,"159":10,"161":10,"162":9,"165":10,"166":10,"183":8,"185":6,"186":6,"188":4,"189":4,"192":2,"194":2,"195":6,"197":6,"198":1,"202":5,"203":5,"205":5,"206":2,"208":3,"209":3,"210":3,"211":3,"221":3,"226":2,"228":2,"229":2,"231":2,"235":5,"237":3,"241":1,"248":0,"252":0},"path":"E:\\Tests\\bRing_v2\\bRing-contracts-v2\\contracts\\BRingFarmingOwnable.sol","s":{"1":30,"2":30,"3":30,"4":90,"5":30,"6":3,"7":1,"8":3,"9":1,"10":3,"11":1,"12":1,"13":1,"14":4,"15":22,"16":20,"17":14,"18":12,"19":10,"20":10,"21":10,"22":10,"23":9,"24":10,"25":10,"26":8,"27":6,"28":6,"29":4,"30":4,"31":2,"32":2,"33":6,"34":6,"35":5,"36":5,"37":5,"38":3,"39":3,"40":3,"41":3,"42":3,"43":2,"44":2,"45":2,"46":2,"47":5,"48":3,"49":1,"50":0,"51":0},"b":{"1":[1,2],"2":[1,2],"3":[1,2],"4":[20,2],"5":[14,6],"6":[12,2],"7":[10,2],"8":[9,1],"9":[6,2],"10":[4,2],"11":[2,2],"12":[1,5],"13":[2,3],"14":[3,2],"15":[1,2],"16":[1,0]},"f":{"1":30,"2":3,"3":3,"4":3,"5":22,"6":8,"7":5,"8":0,"9":0},"fnMap":{"1":{"name":"constructor","line":100,"loc":{"start":{"line":100,"column":2},"end":{"line":109,"column":2}}},"2":{"name":"changeStakingDuration","line":111,"loc":{"start":{"line":111,"column":2},"end":{"line":115,"column":2}}},"3":{"name":"changeStakeMultiplier","line":117,"loc":{"start":{"line":117,"column":2},"end":{"line":121,"column":2}}},"4":{"name":"changeReferralPercents","line":123,"loc":{"start":{"line":123,"column":2},"end":{"line":131,"column":2}}},"5":{"name":"configPool","line":151,"loc":{"start":{"line":144,"column":2},"end":{"line":167,"column":2}}},"6":{"name":"emergencyUnstake","line":182,"loc":{"start":{"line":177,"column":2},"end":{"line":232,"column":2}}},"7":{"name":"retrieveTokens","line":234,"loc":{"start":{"line":234,"column":2},"end":{"line":245,"column":2}}},"8":{"name":"pause","line":247,"loc":{"start":{"line":247,"column":2},"end":{"line":249,"column":2}}},"9":{"name":"unpause","line":251,"loc":{"start":{"line":251,"column":2},"end":{"line":253,"column":2}}}},"statementMap":{"1":{"start":{"line":101,"column":4},"end":{"line":101,"column":35}},"2":{"start":{"line":102,"column":4},"end":{"line":102,"column":22}},"3":{"start":{"line":104,"column":4},"end":{"line":104,"column":2342}},"4":{"start":{"line":105,"column":6},"end":{"line":105,"column":47}},"5":{"start":{"line":108,"column":4},"end":{"line":108,"column":43}},"6":{"start":{"line":112,"column":4},"end":{"line":112,"column":47}},"7":{"start":{"line":114,"column":4},"end":{"line":114,"column":38}},"8":{"start":{"line":118,"column":4},"end":{"line":118,"column":55}},"9":{"start":{"line":120,"column":4},"end":{"line":120,"column":32}},"10":{"start":{"line":124,"column":4},"end":{"line":124,"column":80}},"11":{"start":{"line":126,"column":4},"end":{"line":126,"column":39}},"12":{"start":{"line":127,"column":4},"end":{"line":127,"column":27}},"13":{"start":{"line":128,"column":4},"end":{"line":128,"column":3119}},"14":{"start":{"line":129,"column":6},"end":{"line":129,"column":47}},"15":{"start":{"line":152,"column":4},"end":{"line":152,"column":80}},"16":{"start":{"line":153,"column":4},"end":{"line":153,"column":108}},"17":{"start":{"line":154,"column":4},"end":{"line":154,"column":79}},"18":{"start":{"line":155,"column":4},"end":{"line":155,"column":116}},"19":{"start":{"line":157,"column":4},"end":{"line":157,"column":60}},"20":{"start":{"line":158,"column":4},"end":{"line":158,"column":60}},"21":{"start":{"line":159,"column":4},"end":{"line":159,"column":62}},"22":{"start":{"line":161,"column":4},"end":{"line":161,"column":4641}},"23":{"start":{"line":162,"column":6},"end":{"line":162,"column":43}},"24":{"start":{"line":165,"column":4},"end":{"line":165,"column":62}},"25":{"start":{"line":166,"column":4},"end":{"line":166,"column":54}},"26":{"start":{"line":183,"column":4},"end":{"line":183,"column":72}},"27":{"start":{"line":185,"column":4},"end":{"line":185,"column":60}},"28":{"start":{"line":186,"column":4},"end":{"line":186,"column":65}},"29":{"start":{"line":188,"column":4},"end":{"line":188,"column":56}},"30":{"start":{"line":189,"column":4},"end":{"line":189,"column":91}},"31":{"start":{"line":192,"column":4},"end":{"line":192,"column":39}},"32":{"start":{"line":194,"column":4},"end":{"line":194,"column":5830}},"33":{"start":{"line":195,"column":6},"end":{"line":195,"column":71}},"34":{"start":{"line":197,"column":6},"end":{"line":197,"column":5974}},"35":{"start":{"line":202,"column":6},"end":{"line":202,"column":70}},"36":{"start":{"line":203,"column":6},"end":{"line":203,"column":129}},"37":{"start":{"line":205,"column":6},"end":{"line":205,"column":6292}},"38":{"start":{"line":208,"column":6},"end":{"line":208,"column":47}},"39":{"start":{"line":209,"column":6},"end":{"line":209,"column":6404}},"40":{"start":{"line":210,"column":8},"end":{"line":210,"column":92}},"41":{"start":{"line":211,"column":8},"end":{"line":211,"column":6589}},"42":{"start":{"line":221,"column":8},"end":{"line":221,"column":32}},"43":{"start":{"line":226,"column":4},"end":{"line":226,"column":73}},"44":{"start":{"line":228,"column":4},"end":{"line":228,"column":35}},"45":{"start":{"line":229,"column":4},"end":{"line":229,"column":43}},"46":{"start":{"line":231,"column":4},"end":{"line":231,"column":98}},"47":{"start":{"line":235,"column":4},"end":{"line":235,"column":41}},"48":{"start":{"line":237,"column":4},"end":{"line":237,"column":7327}},"49":{"start":{"line":241,"column":4},"end":{"line":241,"column":7445}},"50":{"start":{"line":248,"column":4},"end":{"line":248,"column":11}},"51":{"start":{"line":252,"column":4},"end":{"line":252,"column":13}}},"branchMap":{"1":{"line":112,"type":"if","locations":[{"start":{"line":112,"column":4},"end":{"line":112,"column":4}},{"start":{"line":112,"column":4},"end":{"line":112,"column":4}}]},"2":{"line":118,"type":"if","locations":[{"start":{"line":118,"column":4},"end":{"line":118,"column":4}},{"start":{"line":118,"column":4},"end":{"line":118,"column":4}}]},"3":{"line":124,"type":"if","locations":[{"start":{"line":124,"column":4},"end":{"line":124,"column":4}},{"start":{"line":124,"column":4},"end":{"line":124,"column":4}}]},"4":{"line":152,"type":"if","locations":[{"start":{"line":152,"column":4},"end":{"line":152,"column":4}},{"start":{"line":152,"column":4},"end":{"line":152,"column":4}}]},"5":{"line":153,"type":"if","locations":[{"start":{"line":153,"column":4},"end":{"line":153,"column":4}},{"start":{"line":153,"column":4},"end":{"line":153,"column":4}}]},"6":{"line":154,"type":"if","locations":[{"start":{"line":154,"column":4},"end":{"line":154,"column":4}},{"start":{"line":154,"column":4},"end":{"line":154,"column":4}}]},"7":{"line":155,"type":"if","locations":[{"start":{"line":155,"column":4},"end":{"line":155,"column":4}},{"start":{"line":155,"column":4},"end":{"line":155,"column":4}}]},"8":{"line":161,"type":"if","locations":[{"start":{"line":161,"column":4},"end":{"line":161,"column":4}},{"start":{"line":161,"column":4},"end":{"line":161,"column":4}}]},"9":{"line":183,"type":"if","locations":[{"start":{"line":183,"column":4},"end":{"line":183,"column":4}},{"start":{"line":183,"column":4},"end":{"line":183,"column":4}}]},"10":{"line":186,"type":"if","locations":[{"start":{"line":186,"column":4},"end":{"line":186,"column":4}},{"start":{"line":186,"column":4},"end":{"line":186,"column":4}}]},"11":{"line":189,"type":"if","locations":[{"start":{"line":189,"column":4},"end":{"line":189,"column":4}},{"start":{"line":189,"column":4},"end":{"line":189,"column":4}}]},"12":{"line":197,"type":"if","locations":[{"start":{"line":197,"column":6},"end":{"line":197,"column":6}},{"start":{"line":197,"column":6},"end":{"line":197,"column":6}}]},"13":{"line":205,"type":"if","locations":[{"start":{"line":205,"column":6},"end":{"line":205,"column":6}},{"start":{"line":205,"column":6},"end":{"line":205,"column":6}}]},"14":{"line":235,"type":"if","locations":[{"start":{"line":235,"column":4},"end":{"line":235,"column":4}},{"start":{"line":235,"column":4},"end":{"line":235,"column":4}}]},"15":{"line":237,"type":"if","locations":[{"start":{"line":237,"column":4},"end":{"line":237,"column":4}},{"start":{"line":237,"column":4},"end":{"line":237,"column":4}}]},"16":{"line":241,"type":"if","locations":[{"start":{"line":241,"column":4},"end":{"line":241,"column":4}},{"start":{"line":241,"column":4},"end":{"line":241,"column":4}}]}}},
"contracts\\tokens\\FirstToken.sol":{"l":{"7":30},"path":"E:\\Tests\\bRing_v2\\bRing-contracts-v2\\contracts\\tokens\\FirstToken.sol","s":{"1":30},"b":{},"f":{"1":30},"fnMap":{"1":{"name":"constructor","line":6,"loc":{"start":{"line":6,"column":4},"end":{"line":9,"column":4}}}},"statementMap":{"1":{"start":{"line":7,"column":8},"end":{"line":7,"column":65}}},"branchMap":{}},
"contracts\\tokens\\FourthToken.sol":{"l":{"6":3,"10":3},"path":"E:\\Tests\\bRing_v2\\bRing-contracts-v2\\contracts\\tokens\\FourthToken.sol","s":{"1":3,"2":3},"b":{},"f":{"1":3,"2":3},"fnMap":{"1":{"name":"constructor","line":5,"loc":{"start":{"line":5,"column":4},"end":{"line":7,"column":4}}},"2":{"name":"decimals","line":9,"loc":{"start":{"line":9,"column":4},"end":{"line":11,"column":4}}}},"statementMap":{"1":{"start":{"line":6,"column":8},"end":{"line":6,"column":65}},"2":{"start":{"line":10,"column":8},"end":{"line":10,"column":16}}},"branchMap":{}},
"contracts\\tokens\\SecondToken.sol":{"l":{"6":30},"path":"E:\\Tests\\bRing_v2\\bRing-contracts-v2\\contracts\\tokens\\SecondToken.sol","s":{"1":30},"b":{},"f":{"1":30},"fnMap":{"1":{"name":"constructor","line":5,"loc":{"start":{"line":5,"column":4},"end":{"line":7,"column":4}}}},"statementMap":{"1":{"start":{"line":6,"column":8},"end":{"line":6,"column":65}}},"branchMap":{}},
"contracts\\tokens\\ThirdToken.sol":{"l":{"6":30},"path":"E:\\Tests\\bRing_v2\\bRing-contracts-v2\\contracts\\tokens\\ThirdToken.sol","s":{"1":30},"b":{},"f":{"1":30},"fnMap":{"1":{"name":"constructor","line":5,"loc":{"start":{"line":5,"column":4},"end":{"line":7,"column":4}}}},"statementMap":{"1":{"start":{"line":6,"column":8},"end":{"line":6,"column":65}}},"branchMap":{}}}
