TN:
SF:E:\Tests\bRing_v2\bRing-contracts-v2\contracts\bRingFarming.sol
FN:13,stake
FN:63,_unstake
FN:87,claimReward
FN:104,unstake
FN:108,unstakeForAddress
FN:112,distributeReward
FN:153,getRewardAccumulatedPerShare
FN:167,getStakeRewards
FN:184,getStakeMultiplier
FN:207,viewStakingDetails
FN:235,isActiveUser
FN:239,getReferrals
FN:243,getReferralsNumber
FNF:13
FNH:8
FNDA:9,stake
FNDA:0,_unstake
FNDA:1,claimReward
FNDA:0,unstake
FNDA:0,unstakeForAddress
FNDA:1,distributeReward
FNDA:30,getRewardAccumulatedPerShare
FNDA:1,getStakeRewards
FNDA:6,getStakeMultiplier
FNDA:9,viewStakingDetails
FNDA:4,isActiveUser
FNDA:0,getReferrals
FNDA:0,getReferralsNumber
DA:14,9
DA:15,9
DA:17,9
DA:18,9
DA:20,9
DA:21,7
DA:24,7
DA:27,7
DA:28,7
DA:29,1
DA:30,1
DA:32,1
DA:36,7
DA:42,7
DA:43,7
DA:44,7
DA:45,7
DA:46,7
DA:49,7
DA:50,21
DA:52,21
DA:55,7
DA:56,7
DA:58,7
DA:60,7
DA:64,0
DA:66,0
DA:67,0
DA:70,0
DA:72,0
DA:73,0
DA:76,0
DA:78,0
DA:79,0
DA:80,0
DA:81,0
DA:84,0
DA:88,1
DA:90,1
DA:91,1
DA:93,1
DA:94,1
DA:96,1
DA:97,1
DA:98,0
DA:101,1
DA:105,0
DA:109,0
DA:113,1
DA:114,3
DA:116,3
DA:122,3
DA:123,3
DA:127,3
DA:128,0
DA:129,0
DA:131,3
DA:132,3
DA:134,3
DA:135,3
DA:136,3
DA:137,3
DA:147,3
DA:154,30
DA:155,30
DA:156,0
DA:159,30
DA:160,15
DA:163,15
DA:168,1
DA:169,1
DA:171,1
DA:172,0
DA:175,1
DA:176,3
DA:185,6
DA:186,6
DA:187,0
DA:190,6
DA:216,9
DA:217,9
DA:218,9
DA:219,9
DA:220,9
DA:222,9
DA:223,10
DA:224,10
DA:225,10
DA:226,10
DA:227,10
DA:230,9
DA:236,4
DA:240,0
DA:244,0
LF:94
LH:72
BRDA:14,1,0,9
BRDA:14,1,1,0
BRDA:15,2,0,9
BRDA:15,2,1,0
BRDA:20,3,0,7
BRDA:20,3,1,2
BRDA:21,4,0,7
BRDA:21,4,1,0
BRDA:24,5,0,7
BRDA:24,5,1,0
BRDA:28,6,0,1
BRDA:28,6,1,6
BRDA:36,7,0,7
BRDA:36,7,1,0
BRDA:64,8,0,0
BRDA:64,8,1,0
BRDA:67,9,0,0
BRDA:67,9,1,0
BRDA:80,10,0,0
BRDA:80,10,1,0
BRDA:88,11,0,1
BRDA:88,11,1,0
BRDA:91,12,0,1
BRDA:91,12,1,0
BRDA:97,13,0,0
BRDA:97,13,1,1
BRDA:122,14,0,3
BRDA:122,14,1,0
BRDA:127,15,0,0
BRDA:127,15,1,3
BRDA:155,16,0,0
BRDA:155,16,1,30
BRDA:159,17,0,15
BRDA:159,17,1,15
BRDA:171,18,0,0
BRDA:171,18,1,1
BRDA:186,19,0,0
BRDA:186,19,1,6
BRF:38
BRH:19
end_of_record
TN:
SF:E:\Tests\bRing_v2\bRing-contracts-v2\contracts\bRingFarmingOwnable.sol
FN:100,constructor
FN:111,changeStakingDuration
FN:117,changeStakeMultiplier
FN:123,changeReferralPercents
FN:151,configPool
FN:182,emergencyUnstake
FN:234,retrieveTokens
FN:247,pause
FN:251,unpause
FNF:9
FNH:7
FNDA:23,constructor
FNDA:3,changeStakingDuration
FNDA:3,changeStakeMultiplier
FNDA:3,changeReferralPercents
FNDA:18,configPool
FNDA:1,emergencyUnstake
FNDA:5,retrieveTokens
FNDA:0,pause
FNDA:0,unpause
DA:101,23
DA:102,23
DA:104,23
DA:105,69
DA:108,23
DA:112,3
DA:114,1
DA:118,3
DA:120,1
DA:124,3
DA:126,1
DA:127,1
DA:128,1
DA:129,4
DA:152,18
DA:153,16
DA:154,10
DA:155,8
DA:157,6
DA:158,6
DA:159,6
DA:161,6
DA:162,5
DA:165,6
DA:166,6
DA:183,1
DA:185,1
DA:186,1
DA:188,1
DA:189,1
DA:192,1
DA:194,1
DA:195,3
DA:197,3
DA:198,0
DA:202,3
DA:203,3
DA:205,3
DA:206,3
DA:208,0
DA:209,0
DA:210,0
DA:211,0
DA:221,0
DA:226,1
DA:228,1
DA:229,1
DA:231,1
DA:235,5
DA:237,3
DA:241,1
DA:248,0
DA:252,0
LF:53
LH:45
BRDA:112,1,0,1
BRDA:112,1,1,2
BRDA:118,2,0,1
BRDA:118,2,1,2
BRDA:124,3,0,1
BRDA:124,3,1,2
BRDA:152,4,0,16
BRDA:152,4,1,2
BRDA:153,5,0,10
BRDA:153,5,1,6
BRDA:154,6,0,8
BRDA:154,6,1,2
BRDA:155,7,0,6
BRDA:155,7,1,2
BRDA:161,8,0,5
BRDA:161,8,1,1
BRDA:183,9,0,1
BRDA:183,9,1,0
BRDA:186,10,0,1
BRDA:186,10,1,0
BRDA:189,11,0,1
BRDA:189,11,1,0
BRDA:197,12,0,0
BRDA:197,12,1,3
BRDA:205,13,0,3
BRDA:205,13,1,0
BRDA:235,14,0,3
BRDA:235,14,1,2
BRDA:237,15,0,1
BRDA:237,15,1,2
BRDA:241,16,0,1
BRDA:241,16,1,0
BRF:32
BRH:26
end_of_record
TN:
SF:E:\Tests\bRing_v2\bRing-contracts-v2\contracts\tokens\FirstToken.sol
FN:6,constructor
FNF:1
FNH:1
FNDA:23,constructor
DA:7,23
LF:1
LH:1
BRF:0
BRH:0
end_of_record
TN:
SF:E:\Tests\bRing_v2\bRing-contracts-v2\contracts\tokens\FourthToken.sol
FN:5,constructor
FN:9,decimals
FNF:2
FNH:2
FNDA:3,constructor
FNDA:3,decimals
DA:6,3
DA:10,3
LF:2
LH:2
BRF:0
BRH:0
end_of_record
TN:
SF:E:\Tests\bRing_v2\bRing-contracts-v2\contracts\tokens\SecondToken.sol
FN:5,constructor
FNF:1
FNH:1
FNDA:23,constructor
DA:6,23
LF:1
LH:1
BRF:0
BRH:0
end_of_record
TN:
SF:E:\Tests\bRing_v2\bRing-contracts-v2\contracts\tokens\ThirdToken.sol
FN:5,constructor
FNF:1
FNH:1
FNDA:23,constructor
DA:6,23
LF:1
LH:1
BRF:0
BRH:0
end_of_record
