TN:
SF:E:\Tests\bRing_v2\bRing-contracts-v2\contracts\BRingFarming.sol
FN:13,stake
FN:63,_unstake
FN:87,claimReward
FN:104,unstake
FN:108,unstakeForAddress
FN:112,distributeReward
FN:153,getRewardAccumulatedPerShare
FN:167,getStakeRewards
FN:184,getStakeMultiplier
FN:207,viewStakingDetails
FN:235,isActiveUser
FN:239,getReferrals
FN:243,getReferralsNumber
FNF:13
FNH:8
FNDA:14,stake
FNDA:1,_unstake
FNDA:0,claimReward
FNDA:1,unstake
FNDA:0,unstakeForAddress
FNDA:1,distributeReward
FNDA:45,getRewardAccumulatedPerShare
FNDA:0,getStakeRewards
FNDA:3,getStakeMultiplier
FNDA:12,viewStakingDetails
FNDA:5,isActiveUser
FNDA:0,getReferrals
FNDA:0,getReferralsNumber
DA:14,14
DA:15,14
DA:17,14
DA:18,14
DA:20,14
DA:21,12
DA:24,12
DA:27,12
DA:28,12
DA:29,2
DA:30,2
DA:32,2
DA:36,12
DA:42,12
DA:43,12
DA:44,12
DA:45,12
DA:46,12
DA:49,12
DA:50,36
DA:52,36
DA:55,12
DA:56,12
DA:58,12
DA:60,12
DA:64,1
DA:66,1
DA:67,1
DA:70,1
DA:72,1
DA:73,1
DA:76,1
DA:78,1
DA:79,1
DA:80,1
DA:81,0
DA:84,1
DA:88,0
DA:90,0
DA:91,0
DA:93,0
DA:94,0
DA:96,0
DA:97,0
DA:98,0
DA:101,0
DA:105,1
DA:109,0
DA:113,1
DA:114,3
DA:116,3
DA:122,3
DA:123,0
DA:127,3
DA:128,3
DA:129,3
DA:131,0
DA:132,0
DA:134,0
DA:135,0
DA:136,0
DA:137,0
DA:147,0
DA:154,45
DA:155,45
DA:156,0
DA:159,45
DA:160,27
DA:163,18
DA:168,0
DA:169,0
DA:171,0
DA:172,0
DA:175,0
DA:176,0
DA:185,3
DA:186,3
DA:187,0
DA:190,3
DA:216,12
DA:217,12
DA:218,12
DA:219,12
DA:220,12
DA:222,12
DA:223,13
DA:224,13
DA:225,13
DA:226,13
DA:227,13
DA:230,12
DA:236,5
DA:240,0
DA:244,0
LF:94
LH:65
BRDA:14,1,0,14
BRDA:14,1,1,0
BRDA:15,2,0,14
BRDA:15,2,1,0
BRDA:20,3,0,12
BRDA:20,3,1,2
BRDA:21,4,0,12
BRDA:21,4,1,0
BRDA:24,5,0,12
BRDA:24,5,1,0
BRDA:28,6,0,2
BRDA:28,6,1,10
BRDA:36,7,0,12
BRDA:36,7,1,0
BRDA:64,8,0,1
BRDA:64,8,1,0
BRDA:67,9,0,1
BRDA:67,9,1,0
BRDA:80,10,0,0
BRDA:80,10,1,1
BRDA:88,11,0,0
BRDA:88,11,1,0
BRDA:91,12,0,0
BRDA:91,12,1,0
BRDA:97,13,0,0
BRDA:97,13,1,0
BRDA:122,14,0,0
BRDA:122,14,1,3
BRDA:127,15,0,3
BRDA:127,15,1,0
BRDA:155,16,0,0
BRDA:155,16,1,45
BRDA:159,17,0,27
BRDA:159,17,1,18
BRDA:171,18,0,0
BRDA:171,18,1,0
BRDA:186,19,0,0
BRDA:186,19,1,3
BRF:38
BRH:18
end_of_record
TN:
SF:E:\Tests\bRing_v2\bRing-contracts-v2\contracts\BRingFarmingOwnable.sol
FN:100,constructor
FN:111,changeStakingDuration
FN:117,changeStakeMultiplier
FN:123,changeReferralPercents
FN:151,configPool
FN:182,emergencyUnstake
FN:234,retrieveTokens
FN:247,pause
FN:251,unpause
FNF:9
FNH:7
FNDA:30,constructor
FNDA:3,changeStakingDuration
FNDA:3,changeStakeMultiplier
FNDA:3,changeReferralPercents
FNDA:22,configPool
FNDA:8,emergencyUnstake
FNDA:5,retrieveTokens
FNDA:0,pause
FNDA:0,unpause
DA:101,30
DA:102,30
DA:104,30
DA:105,90
DA:108,30
DA:112,3
DA:114,1
DA:118,3
DA:120,1
DA:124,3
DA:126,1
DA:127,1
DA:128,1
DA:129,4
DA:152,22
DA:153,20
DA:154,14
DA:155,12
DA:157,10
DA:158,10
DA:159,10
DA:161,10
DA:162,9
DA:165,10
DA:166,10
DA:183,8
DA:185,6
DA:186,6
DA:188,4
DA:189,4
DA:192,2
DA:194,2
DA:195,6
DA:197,6
DA:198,1
DA:202,5
DA:203,5
DA:205,5
DA:206,2
DA:208,3
DA:209,3
DA:210,3
DA:211,3
DA:221,3
DA:226,2
DA:228,2
DA:229,2
DA:231,2
DA:235,5
DA:237,3
DA:241,1
DA:248,0
DA:252,0
LF:53
LH:51
BRDA:112,1,0,1
BRDA:112,1,1,2
BRDA:118,2,0,1
BRDA:118,2,1,2
BRDA:124,3,0,1
BRDA:124,3,1,2
BRDA:152,4,0,20
BRDA:152,4,1,2
BRDA:153,5,0,14
BRDA:153,5,1,6
BRDA:154,6,0,12
BRDA:154,6,1,2
BRDA:155,7,0,10
BRDA:155,7,1,2
BRDA:161,8,0,9
BRDA:161,8,1,1
BRDA:183,9,0,6
BRDA:183,9,1,2
BRDA:186,10,0,4
BRDA:186,10,1,2
BRDA:189,11,0,2
BRDA:189,11,1,2
BRDA:197,12,0,1
BRDA:197,12,1,5
BRDA:205,13,0,2
BRDA:205,13,1,3
BRDA:235,14,0,3
BRDA:235,14,1,2
BRDA:237,15,0,1
BRDA:237,15,1,2
BRDA:241,16,0,1
BRDA:241,16,1,0
BRF:32
BRH:31
end_of_record
TN:
SF:E:\Tests\bRing_v2\bRing-contracts-v2\contracts\tokens\FirstToken.sol
FN:6,constructor
FNF:1
FNH:1
FNDA:30,constructor
DA:7,30
LF:1
LH:1
BRF:0
BRH:0
end_of_record
TN:
SF:E:\Tests\bRing_v2\bRing-contracts-v2\contracts\tokens\FourthToken.sol
FN:5,constructor
FN:9,decimals
FNF:2
FNH:2
FNDA:3,constructor
FNDA:3,decimals
DA:6,3
DA:10,3
LF:2
LH:2
BRF:0
BRH:0
end_of_record
TN:
SF:E:\Tests\bRing_v2\bRing-contracts-v2\contracts\tokens\SecondToken.sol
FN:5,constructor
FNF:1
FNH:1
FNDA:30,constructor
DA:6,30
LF:1
LH:1
BRF:0
BRH:0
end_of_record
TN:
SF:E:\Tests\bRing_v2\bRing-contracts-v2\contracts\tokens\ThirdToken.sol
FN:5,constructor
FNF:1
FNH:1
FNDA:30,constructor
DA:6,30
LF:1
LH:1
BRF:0
BRH:0
end_of_record
